procs -----------memory---------- ---swap-- -----io---- -system-- ------cpu-----
 r  b   swpd   free   buff  cache   si   so    bi    bo   in   cs us sy id wa st
 5  0 147560 114004576  26836 874992064    4    6    10    67    0    0  3  0 96  0  0
 9  0 147560 113690864  26836 875003840    0    0 11852     3 30678 9185  5  0 95  0  0
 8  0 147560 113501152  26836 875003840    0    0     0     0 27565 8395  5  0 95  0  0
 8  0 147560 113378192  26836 875003840    0    0     0     0 8914 5613  2  0 98  0  0
 3  0 147560 112964576  26836 875003840    0    0     0  2036 9227 5760  1  0 98  0  0
 3  0 147560 112285728  26836 875003840    0    0     0     0 5632 2816  1  0 99  0  0
 4  0 147560 110619616  26836 875003840    0    0     0    59 4743 2177  1  0 99  0  0
 4  0 147560 109207984  26836 875003840    0    0     0     0 4469 2091  1  0 99  0  0
 3  0 147560 108673584  26836 875003840    0    0     0     0 4969 2461  1  0 99  0  0
 3  0 147560 107474096  26836 875003840    0    0     0     0 4910 2365  1  0 99  0  0
 3  0 147560 105762656  26836 875003840    0    0     0  1480 4808 2133  1  0 99  0  0
 3  0 147560 104862640  26836 875003840    0    0     0    11 4549 2089  1  0 99  0  0
 4  0 147560 104290928  26836 875003840    0    0     0   359 5033 2571  1  0 99  0  0
 3  0 147560 102574944  26836 875003840    0    0     0     3 4929 2390  1  0 99  0  0
 3  0 147560 101051048  26836 875003840    0    0     0  3118 5048 2332  1  0 99  0  0
 3  0 147560 100988800  26836 875003904    0    0     0   306 6427 4949  1  0 99  0  0
130  0 147560 100633104  26836 875012096    0    0     0    13 47356 10661 11  0 88  0  0
 3  0 147560 100196192  26836 875012096    0    0     0    74 46343 12289 15  0 85  0  0
 5  0 147560 99871056  26836 875012096    0    0     0     3 43153 11555 14  0 86  0  0
 3  0 147560 99585600  26836 875023104    0    0     0     0 50192 6483 16  1 83  0  0
 8  0 147560 99497104  26836 875023104    0    0     0   216 37557 12970 12  0 88  0  0
procs -----------memory---------- ---swap-- -----io---- -system-- ------cpu-----
 r  b   swpd   free   buff  cache   si   so    bi    bo   in   cs us sy id wa st
 3  0 147560 100035744  26836 875023168    0    0     0    37 55830 16732 16  0 84  0  0
 3  0 147560 99709072  26836 875023168    0    0     0     0 47350 13049 15  0 85  0  0
 3  0 147560 99611008  26836 875023168    0    0     0     0 62808 10450 21  1 78  0  0
 3  0 147560 99597104  26836 875023168    0    0     0    35 49349 13761 16  0 84  0  0
130  0 147560 99590904  26836 875023168    0    0     0     3 49994 13710 15  0 84  0  0
 3  0 147560 99587224  26836 875023168    0    0     0   138 1110918 8426 35  2 63  0  0
130  0 147560 99586128  26836 875023168    0    0     0     0 95623 15259 17  0 83  0  0
130  0 147560 99910240  26836 875023168    0    0     0     0 184456 20328 19  1 81  0  0
 3  0 147560 99459064  26836 875023168    0    0     0     0 519106 10745 26  1 73  0  0
 7  0 147560 99944304  26836 875023168    4    0     4   236 72862 21400 13  0 86  0  0
 4  0 147560 99952864  26836 875023232    0    0     0  2180 62088 31325 16  1 83  0  0
131  0 147560 99953304  26836 875023232    0    0     0     0 53721 23263 15  1 84  0  0
 4  0 147560 99952448  26836 875023232    0    0     0    23 73953 21760 17  1 82  0  0
 5  0 147560 99946416  26836 875023232    4    0     4     3 60614 27115 17  1 82  0  0
 3  0 147560 99950216  26836 875023232    0    0     0     0 63651 27263 18  1 81  0  0
 3  0 147560 99953944  26836 875023232    0    0     0  1850 80580 10949 21  1 79  0  0
130  0 147560 99950416  26836 875023232    0    0     0    70 63592 15787 17  0 82  0  0
 3  0 147560 99950480  26836 875023232    0    0     0     0 137612 12085 13  0 87  0  0
 3  0 147560 99961040  26836 875023232    0    0     0     0 510806 10705 25  1 74  0  0
130  0 147560 99964576  26836 875023232    0    0     0     0 77138 16278 18  0 82  0  0
70  0 147560 99963504  26836 875023232    0    0     0  1510 50188 15601 15  0 85  0  0
procs -----------memory---------- ---swap-- -----io---- -system-- ------cpu-----
 r  b   swpd   free   buff  cache   si   so    bi    bo   in   cs us sy id wa st
130  0 147560 99966888  26836 875023232    0    0     0  1115 114044 11716 22  1 78  0  0
130  0 147560 99965280  26836 875023232    0    0     0     3 64530 15345 18  0 82  0  0
 3  0 147560 99964256  26836 875023232    0    0     0  1654 65606 18200 19  0 81  0  0
 4  0 147560 99878504  26836 875025280    0    0  2284    18 69631 31189 21  1 78  0  0
132  0 147560 99821920  26836 875029568    0    0  4480    13 63822 19670 19  0 80  0  0
131  0 147560 99776208  26836 875030080    0    0     0   124 47508 12992 15  0 85  0  0
11  0 147560 99775824  26836 875030080    0    0     0     0 64425 11338 21  1 78  0  0
 4  0 147560 99776880  26836 875030080    0    0     0   848 48824 14512 16  0 84  0  0
 4  0 147560 99772184  26836 875030080    0    0     0     0 620683 11286 29  1 70  0  0
 5  0 147560 99770064  26836 875030080    0    0     0     0 129364 12957 14  0 85  0  0
 4  0 147560 99770272  26836 875030080    0    0     0     0 226421 11444 12  0 87  0  0
 4  0 147560 99767632  26836 875030080    0    0     0   124 165862 12866 14  0 85  0  0
131  0 147560 99106224  26836 875030080    0    0     0     2 1246568 9438 30  2 68  0  0
 6  0 147560 99760008  26836 875030080    0    0     0   284 713305 9585 21  1 78  0  0
137  0 147560 99625072  26836 875030080    0    0     0    13 72640 15023 14  0 86  0  0
 5  0 147560 99531024  26836 875030080    0    0     0     0 59512 15330 15  0 85  0  0
132  0 147560 98697272  26836 875030080    0    0     0   148 127861 11632 22  1 78  0  0
 6  0 147560 99151608  26836 875030080    0    0     8    40 53052 14854 14  0 86  0  0
134  0 147560 99083328  26836 875030144    0    0     0     0 59993 15371 16  1 83  0  0
135  0 147560 99015952  26836 875030144    4    0     8  2008 59898 18739 18  0 81  0  0
 9  0 147560 98891856  26836 875030144    0    0     4     0 61070 23558 17  1 83  0  0
procs -----------memory---------- ---swap-- -----io---- -system-- ------cpu-----
 r  b   swpd   free   buff  cache   si   so    bi    bo   in   cs us sy id wa st
132  0 147560 98729192  26836 875030144    0    0     0  2004 164891 16753 23  1 76  0  0
17  0 147560 98666896  26836 875030144    0    0     0     0 62507 19896 18  0 81  0  0
132  0 147560 98616880  26836 875030144    0    0     0     0 47998 14998 14  0 85  0  0
 5  0 147560 98618440  26836 875030208    0    0     0   279 130694 9935 23  1 77  0  0
 5  0 147560 98616384  26836 875030208    0    0     0     3 52614 16294 17  0 83  0  0
 4  0 147560 98616808  26836 875030208    0    0     0   156 109615 15161 17  0 83  0  0
131  0 147560 97960864  26836 875030208    0    0     0     0 802231 9084 34  1 65  0  0
 5  0 147560 98694576  26836 875030208    0    0     0     0 258190 10997 16  0 83  0  0
131  0 147560 98692136  26836 875030208    0    0     0    12 234864 14551 16  0 83  0  0
 5  0 147560 98621520  26836 875030208   28    0    28   444 99943 13515 15  1 84  0  0
 5  0 147560 98614208  26836 875030208    0    0     0   226 789367 7855 28  1 70  0  0
 5  0 147560 98611632  26836 875030208    0    0     0  1497 54444 12897 15  0 85  0  0
 5  0 147560 98609376  26836 875030208    0    0     0  7896 61904 17377 19  0 81  0  0
 5  0 147560 98610104  26836 875030208    0    0     0  1787 72718 11222 23  1 76  0  0
 5  0 147560 98606144  26836 875030208    0    0     0     3 45974 10645 15  0 84  0  0
 4  0 147560 98602768  26836 875030208    0    0     0     0 54575 14509 18  0 82  0  0
 4  0 147560 98547888  26836 875030208    0    0     0    80 546865 7090 28  1 71  0  0
 4  0 147560 98547280  26836 875030208    0    0     0    55 42751 12183 13  0 86  0  0
131  0 147560 98538080  26836 875030208    0    0     0     3 49527 13377 15  0 84  0  0
131  0 147560 98182432  26836 875030208    0    0     0     0 394588 11856 26  1 73  0  0
131  0 147560 98538320  26836 875030272    0    0     0   253 155228 13068 21  1 78  0  0
procs -----------memory---------- ---swap-- -----io---- -system-- ------cpu-----
 r  b   swpd   free   buff  cache   si   so    bi    bo   in   cs us sy id wa st
131  0 147560 98537152  26836 875030272    0    0     0   143 46892 12714 15  0 85  0  0
 5  0 147560 97883872  26836 875030272    0    0     0   444 468031 13458 34  1 65  0  0
 5  0 147560 98537656  26836 875030272    0    0     0    14 48603 13440 16  0 84  0  0
131  0 147560 98538384  26836 875030272    0    0     0     0 49063 12929 16  0 84  0  0
131  0 147560 98903424  26836 875030272    0    0     0     0 241571 16697 18  0 82  0  0
131  0 147560 99525472  26836 875030272    0    0     0  1891 335069 13609 24  1 75  0  0
 6  0 147560 99496304  26836 875030208    0    0     0  2144 56161 23428 15  1 85  0  0
 6  0 147560 99491120  26836 875030208    0    0     0   132 157340 31449 19  1 80  0  0
 6  0 147560 99489056  26836 875030336    0    0     0     0 336658 19905 24  1 75  0  0
132  0 147560 99496992  26836 875030336    0    0     0     0 70919 25865 16  1 83  0  0
133  0 147560 99496768  26836 875030336    0    0     0     0 60277 25125 15  1 84  0  0
 7  0 147560 99100312  26836 875030336    0    0     0     0 970754 20633 34  2 65  0  0
 4  0 147560 99565424  26836 875030336    0    0     0  1812 50932 18103 11  0 88  0  0
 4  0 147560 99565256  26836 875029888    0    0     0   151 49689 11434 12  0 87  0  0
 3  0 147560 99692832  26836 875030336    0    0     0   442 56314 12700 14  0 86  0  0
130  0 147560 99041568  26836 875030336    0    0     0     0 714753 8398 27  1 72  0  0
 3  0 147560 99708376  26836 875030336    0    0     0     0 353836 10362 15  0 85  0  0
 3  0 147560 99714272  26836 875030336    0    0     0   152 61369 15530 15  0 85  0  0
 3  0 147560 99714800  26836 875030336    0    0     0   747 54546 14240 15  0 85  0  0
 4  0 147560 99716896  26836 875030336    0    0     0   533 811342 7920 32  1 66  0  0
130  0 147560 99716616  26836 875030336    0    0     0    21 48495 12770 13  0 86  0  0
procs -----------memory---------- ---swap-- -----io---- -system-- ------cpu-----
 r  b   swpd   free   buff  cache   si   so    bi    bo   in   cs us sy id wa st
131  0 147560 99717856  26836 875030336    0    0     0  1619 350541 13092 22  1 77  0  0
 3  0 147560 99716976  26836 875030336    0    0     0   104 57805 12583 14  0 86  0  0
 3  0 147560 99715600  26836 875030336    0    0     0     0 59248 13832 15  0 85  0  0
 4  0 147560 99717968  26836 875030336    0    0     0    15 775652 7504 27  1 72  0  0
 3  0 147560 99715640  26836 875030336    0    0     0     3 197709 12287 16  0 84  0  0
 4  0 147560 99715744  26836 875030336    0    0     0     0 153508 14190 17  0 83  0  0
131  0 147560 99050560  26836 875030336    0    0     0    32 990137 8978 27  1 71  0  0
 3  0 147560 99705840  26836 875030336    0    0     0  1476 379135 9685 17  1 83  0  0
 3  0 147560 99705512  26836 875030336    0    0     0     0 109985 14101 16  0 84  0  0
130  0 147560 99705888  26836 875030336    0    0     0     2 73509 12098 14  0 85  0  0
 4  0 147560 99708560  26836 875030336    0    0     0    76 749584 9581 28  1 70  0  0
 4  0 147560 99544768  26836 875030336    0    0     0    13 73238 18434 19  1 81  0  0
 5  0 147560 99452816  26836 875030336    0    0     0     0 60205 16989 17  0 82  0  0
 4  0 147560 99291056  26836 875030336    0    0     0   348 769856 11075 27  1 72  0  0
 9  0 147560 99145328  26836 875030400    0    0     0     0 50600 13998 13  0 86  0  0
 5  0 147560 99113200  26836 875030400    0    0     0     0 50441 14599 13  0 86  0  0
135  0 147560 99048344  26836 875030400    0    0     0     0 138054 19172 20  0 79  0  0
 6  0 147560 98943032  26836 875030400    0    0     0     0 678291 12341 33  1 66  0  0
 4  0 147560 98778080  26836 875030400    0    0     0  2022 59033 18735 17  0 82  0  0
 4  0 147560 98724664  26836 875030400    0    0     0     0 49126 14911 14  0 85  0  0
 4  0 147560 98726720  26836 875030400    0    0     0     0 701733 8651 27  1 72  0  0
procs -----------memory---------- ---swap-- -----io---- -system-- ------cpu-----
 r  b   swpd   free   buff  cache   si   so    bi    bo   in   cs us sy id wa st
 3  0 147560 98726304  26836 875030400    0    0     0     0 58004 14588 16  0 84  0  0
 3  0 147560 98723872  26836 875030400    0    0     0     9 55496 15225 17  0 83  0  0
131  0 147560 98064128  26836 875030400    0    0     0    88 812728 12705 30  2 69  0  0
 3  0 147560 98722536  26836 875030400    0    0     0     0 341855 12363 20  1 80  0  0
 4  0 147560 98728192  26836 875030400    0    0     0     0 165936 12826 14  0 85  0  0
131  0 147560 98729440  26836 875030400    0    0     0    14 113482 13920 16  0 84  0  0
 3  0 147560 98723552  26836 875030400    0    0     0     9 901848 8913 30  1 69  0  0
130  0 147560 98723744  26836 875030400    0    0     0   441 95923 15371 19  0 81  0  0
130  0 147560 98723880  26836 875030400    0    0     0     0 252891 13240 20  0 79  0  0
 3  0 147560 98719448  26836 875030400    0    0     0  3100 520246 11766 25  1 74  0  0
 3  0 147560 98719696  26836 875030400    0    0     0    13 56342 14091 18  0 82  0  0
 3  0 147560 98720448  26836 875030400    0    0     0     0 53541 14352 16  0 83  0  0
 3  0 147560 98723216  26836 875030400    0    0     0   142 677451 10340 30  1 69  0  0
 3  0 147560 98729288  26836 875030400    0    0     0   120 54602 15974 17  0 83  0  0
 3  0 147560 98263144  26836 875030400    0    0     0    46 576697 11096 29  1 70  0  0
 3  0 147560 98726520  26836 875030400    0    0     0     3 56316 11160 13  0 87  0  0
 3  0 147560 98719136  26836 875030400    0    0     0     0 56569 12373 13  0 87  0  0
132  0 147560 98718432  26836 875030400    0    0     0     0 49640 11656 13  0 87  0  0
 3  0 147560 98722192  26836 875030400    0    0     0  1544 89909 10586 20  1 79  0  0
130  0 147560 98718832  26836 875030400    0    0     0     0 44773 11902 13  0 87  0  0
 4  0 147560 98719392  26836 875030400    0    0     0   134 48940 12897 14  0 85  0  0
procs -----------memory---------- ---swap-- -----io---- -system-- ------cpu-----
 r  b   swpd   free   buff  cache   si   so    bi    bo   in   cs us sy id wa st
130  0 147560 98065584  26836 875030400    0    0     0     0 68459 11079 22  1 78  0  0
135  0 147560 99090144  26836 875030400    0    0     0     0 72315 19204 14  0 85  0  0
 4  0 147560 99698960  26836 875030400    0    0     0   144 69297 16601 19  1 81  0  0
 3  0 147560 99697864  26836 875030400    0    0     0     0 50328 13953 15  0 84  0  0
131  0 147560 99020368  26836 875030400    0    0     0  2047 105021 37587 25  1 73  0  0
 4  0 147560 99665760  26836 875030464    0    0     0     3 52870 26017 14  1 86  0  0
130  0 147560 99668240  26836 875030464    0    0     0     0 64464 25294 19  1 81  0  0
 3  0 147560 99669712  26836 875030528    0    0     0  1976 93356 24257 23  1 76  0  0
132  0 147560 99668736  26836 875030528    0    0     0     0 58979 27135 17  1 82  0  0
 4  0 147560 99668888  26836 875030528    0    0     0   147 54083 22266 15  1 84  0  0
 3  0 147560 99670976  26836 875030528    0    0     0    96 84748 10069 22  1 78  0  0
 4  0 147560 99669040  26836 875030528    0    0     0     0 55874 13674 17  0 82  0  0
 4  0 147560 99669616  26836 875030528    0    0     0   136 56282 14783 18  0 82  0  0
130  0 147560 99681784  26836 875030528    0    0     0     0 84525 10225 23  1 76  0  0
 4  0 147560 99690928  26836 875030528    0    0     0    12 59619 16137 18  0 82  0  0
132  0 147560 99690888  26836 875030464    0    0     0   608 46382 13093 14  0 85  0  0
 4  0 147560 99687552  26836 875030528    0    0     0   482 72462 9046 19  1 80  0  0
 3  0 147560 99685576  26836 875030528    0    0     0     0 92728 15544 18  0 81  0  0
130  0 147560 99685376  26836 875030528    0    0     0   464 130609 13144 15  0 84  0  0
 3  0 147560 99686272  26836 875030528    0    0     0     0 94607 9606 22  1 77  0  0
 3  0 147560 99685392  26836 875030528    0    0     0     0 57210 12475 14  0 85  0  0
procs -----------memory---------- ---swap-- -----io---- -system-- ------cpu-----
 r  b   swpd   free   buff  cache   si   so    bi    bo   in   cs us sy id wa st
131  0 147560 99684680  26836 875030528    0    0     0    12 57354 13803 17  0 82  0  0
 3  0 147560 99686672  26836 875030528    0    0     0     0 69826 9428 20  1 79  0  0
130  0 147560 99684128  26836 875030528    0    0     0    92 47489 14666 15  0 85  0  0
 3  0 147560 99684056  26836 875030528    0    0     0     0 55986 13614 18  0 81  0  0
 3  0 147560 99686224  26836 875030528    0    0     0     0 108583 12518 24  1 75  0  0
 5  0 147560 99678960  26836 875030528    0    0     0     2 53962 14130 16  0 83  0  0
130  0 147560 99671472  26836 875030528    0    0     0     0 51305 13048 17  0 83  0  0
 5  0 147560 99672576  26836 875030528    0    0     0   207 67362 10091 21  1 78  0  0
135  0 147560 99495744  26836 875030528    0    0     0    10 48335 16191 15  0 85  0  0
131  0 147560 99414840  26836 875030528    0    0     0   229 55591 17155 18  0 82  0  0
 5  0 147560 99251736  26836 875030528    0    0     0     3 71471 10960 21  1 78  0  0
 7  0 147560 99117728  26836 875030592    0    0     0     0 55853 16959 18  0 82  0  0
133  0 147560 98506520  26836 875030592    0    0     0  3422 77741 15270 24  1 75  0  0
135  0 147560 99026888  26836 875030592    0    0     0    18 51571 15166 15  0 85  0  0
 5  0 147560 98928320  26836 875030592    0    0     0     0 46918 17126 14  0 85  0  0
 4  0 147560 98759984  26836 875030592   20    0    20     2 52487 16723 15  0 84  0  0
 4  0 147560 98694448  26836 875030592    0    0     0     0 63957 11155 21  1 78  0  0
 3  0 147560 98694416  26836 875030592    0    0     0     0 44128 12473 14  0 86  0  0
131  0 147560 98693680  26836 875030592    0    0     0   268 47048 14931 14  0 85  0  0
130  0 147560 98060656  26836 875030592    0    0     0    11 51174 9818 16  1 83  0  0
 5  0 147560 98697040  26836 875030592    0    0     0     0 48026 11752 15  0 84  0  0
procs -----------memory---------- ---swap-- -----io---- -system-- ------cpu-----
 r  b   swpd   free   buff  cache   si   so    bi    bo   in   cs us sy id wa st
130  0 147560 98694336  26836 875030656    0    0     0     0 56029 14185 18  0 81  0  0
131  0 147560 98701976  26836 875030656    0    0     0     0 46126 13510 14  0 85  0  0
130  0 147560 98054240  26836 875030656    0    0     0   178 68264 12516 22  1 77  0  0
 3  0 147560 98701688  26836 875030656    0    0     0     0 53336 11993 17  0 82  0  0
 3  0 147560 98695504  26836 875030656    0    0     0   385 89779 15076 19  0 81  0  0
 3  0 147560 98695904  26836 875030656    0    0     0     3 67033 10212 22  1 77  0  0
 3  0 147560 98696000  26836 875030656    0    0     0  3050 59743 15299 19  0 81  0  0
130  0 147560 98695120  26836 875030656    0    0     0   113 53752 15220 17  0 83  0  0
 3  0 147560 98698720  26836 875030656    0    0     0     0 63800 10434 22  1 78  0  0
130  0 147560 98695840  26836 875030656    0    0     0     0 52904 13098 17  0 82  0  0
130  0 147560 98693232  26836 875030656    0    0     0    21 66866 13497 15  0 85  0  0
 3  0 147560 99218112  26836 875030656    0    0     0    55 81664 12842 21  1 78  0  0
 3  0 147560 99235120  26836 875030656    0    0     0   117 73268 15556 16  1 83  0  0
 3  0 147560 99234992  26836 875030656    0    0     0     0 67925 13602 16  0 84  0  0
130  0 147560 99231312  26836 875030656    0    0     0     0 66070 9944 22  1 78  0  0
 3  0 147560 99231632  26836 875030656    0    0     0     0 40094 11349 13  0 87  0  0
130  0 147560 99231800  26836 875030656    0    0     0     0 58783 14312 19  0 80  0  0
130  0 147560 99224992  26836 875030656    0    0     0   211 62797 12249 21  1 78  0  0
130  0 147560 99221632  26836 875030656    0    0     0   196 61556 15950 20  0 79  0  0
 3  0 147560 99582624  26836 875030656    0    0     0     0 86687 14236 21  1 78  0  0
 3  0 147560 99653504  26836 875030656    0    0     0     0 52963 15475 14  0 85  0  0
procs -----------memory---------- ---swap-- -----io---- -system-- ------cpu-----
 r  b   swpd   free   buff  cache   si   so    bi    bo   in   cs us sy id wa st
 8  0 147560 99630544  26836 875030784    0    0     4   461 72020 36702 17  1 82  0  0
123  0 147560 98975864  26836 875030720    0    0     0    13 74242 23397 23  1 76  0  0
131  0 147560 99630368  26836 875030720    0    0     0  3400 51413 22900 14  1 85  0  0
 5  0 147560 99629576  26836 875030784    0    0     0    45 55529 27513 15  1 84  0  0
132  0 147560 98975680  26836 875030784    0    0     0     0 72567 25249 21  1 77  0  0
 3  0 147560 99623824  26836 875030784    0    0     0  1774 57521 21748 17  1 82  0  0
130  0 147560 99625024  26836 875030784    0    0     0     0 51713 14322 17  0 83  0  0
130  0 147560 98944256  26836 875030784    0    0     0   174 59338 11993 19  1 80  0  0
 3  0 147560 99624872  26836 875030784    0    0     0     3 53573 12662 18  0 82  0  0
105  0 147560 99625008  26836 875030784    0    0     0     0 45246 12098 14  0 85  0  0
131  0 147560 99653888  26836 875030784    0    0     0   653 66008 14305 21  1 78  0  0
 3  0 147560 99631768  26836 875030784    0    0     0    15 41264 11535 13  0 87  0  0
130  0 147560 99631896  26836 875030784    0    0     0   104 45337 12268 15  0 85  0  0
130  0 147560 99403392  26836 875030784    0    0     0   627 44645 9041 15  0 85  0  0
 4  0 147560 99651256  26836 875030784    0    0     0     3 58747 13077 19  1 81  0  0
 4  0 147560 99646104  26836 875030784    0    0     0   354 47179 13430 15  0 85  0  0
 3  0 147560 99645592  26836 875030784    0    0     0    18 39989 10582 13  0 87  0  0
132  0 147560 99645504  26836 875030784    0    0     0     0 59122 10026 20  1 80  0  0
 3  0 147560 99635776  26836 875041856    0    0     0   144 51557 11482 17  0 83  0  0
 3  0 147560 99630736  26836 875042304    0    0     0     2 39431 10670 13  0 87  0  0
 3  0 147560 99629816  26836 875042304    0    0     0     0 59639 14196 18  0 82  0  0
procs -----------memory---------- ---swap-- -----io---- -system-- ------cpu-----
 r  b   swpd   free   buff  cache   si   so    bi    bo   in   cs us sy id wa st
 3  0 147560 99655488  26836 875042304    0    0     0     0 62387 9467 20  1 79  0  0
 3  0 147560 99644880  26836 875042304    0    0     0     0 48128 14904 15  0 85  0  0
 3  0 147560 99644912  26836 875042368    0    0     0     0 49484 12362 16  0 84  0  0
 3  0 147560 99644984  26836 875042368    0    0     0 11664 61542 8956 21  1 79  0  0
 5  0 147560 99627528  26836 875042176    0    0     0    88 44908 13737 14  0 85  0  0
 8  0 147560 99458608  26836 875042176    0    0     0   186 66508 21003 20  0 79  0  0
131  0 147560 99369184  26836 875042176    0    0     0     0 60225 10396 19  1 80  0  0
 5  0 147560 99205744  26836 875042176    0    0     0     0 58898 16531 19  0 81  0  0
 4  0 147560 99049816  26836 875042176    0    0     0  2044 74161 15405 17  0 83  0  0
10  0 147560 99016096  26836 875042176    0    0     0     0 114056 15798 26  1 73  0  0
 5  0 147560 98948816  26836 875042176    0    0     0     0 84415 17351 15  0 85  0  0
132  0 147560 98815216  26836 875042176    0    0     0     2 76725 16681 14  0 85  0  0
131  0 147560 97998336  26836 875042176    0    0     0     0 90107 15264 23  1 76  0  0
132  0 147560 98618520  26836 875042176    0    0     0   140 65519 13618 15  0 84  0  0
 3  0 147560 98605832  26836 875042176    0    0     0     0 57660 14582 19  0 81  0  0
130  0 147560 98606416  26836 875042176    0    0     0     0 73836 11678 23  1 76  0  0
134  0 147560 98603272  26836 875042176    0    0     0     6 56938 15635 18  0 82  0  0
 3  0 147560 98602416  26836 875042176    0    0     0   264 61495 16008 19  0 81  0  0
 3  0 147560 98601408  26836 875042240    0    0     0    19 68288 10276 23  1 76  0  0
 4  0 147560 98610032  26836 875042240    0    0     0  1460 50134 14210 16  0 84  0  0
 3  0 147560 98609904  26836 875042304    0    0     0    12 53536 12119 17  0 82  0  0
procs -----------memory---------- ---swap-- -----io---- -system-- ------cpu-----
 r  b   swpd   free   buff  cache   si   so    bi    bo   in   cs us sy id wa st
130  0 147560 98609032  26836 875042304    0    0     0     0 62629 10326 21  1 78  0  0
130  0 147560 98608720  26836 875042304    0    0     0     0 50335 13798 16  0 84  0  0
 3  0 147560 98604640  26836 875042368    0    0     0   675 52700 16242 16  0 83  0  0
 3  0 147560 98604616  26836 875042368    0    0     0    12 70411 10959 23  1 77  0  0
130  0 147560 98603400  26836 875042368    0    0     0  3255 50526 14556 16  0 84  0  0
130  0 147560 98224776  26836 875042432    0    0     0     0 66609 13291 22  1 77  0  0
 3  0 147560 98600696  26836 875042496    0    0     0     0 58413 13669 19  1 81  0  0
 4  0 147560 98601104  26836 875042496    0    0     0   128 54039 14165 17  0 83  0  0
 3  0 147560 98599936  26836 875042560    0    0     0    53 65880 11650 21  1 78  0  0
130  0 147560 98584096  26836 875042560    0    0     0   124 44145 12266 14  0 86  0  0
 3  0 147560 98586704  26836 875042560    0    0     0     0 42543 11614 14  0 86  0  0
130  0 147560 98532304  26836 875042560    0    0     0     0 50840 10845 15  0 85  0  0
 3  0 147560 98576096  26836 875042624    0    0     0  1751 55205 10497 18  1 81  0  0
130  0 147560 98569176  26836 875042624    0    0     0     3 46585 12113 14  0 85  0  0
130  0 147560 98569328  26836 875042624    0    0     0  1992 46902 13403 15  0 85  0  0
 3  0 147560 98570848  26836 875042624    0    0     0     0 58669 9287 20  1 79  0  0
130  0 147560 99462656  26836 875053696    0    0     0     0 82521 19037 17  1 82  0  0
 4  0 147560 99548752  26836 875053696    0    0     0     0 53286 15919 14  0 85  0  0
 5  0 147560 99527072  26836 875054208    0    0     0  2969 67365 34351 16  1 83  0  0
 4  0 147560 99000080  26836 875054208    0    0     0    99 154939 25882 25  1 74  0  0
 3  0 147560 99525920  26836 875054208    0    0     0 11620 110484 23134 14  1 85  0  0
procs -----------memory---------- ---swap-- -----io---- -system-- ------cpu-----
 r  b   swpd   free   buff  cache   si   so    bi    bo   in   cs us sy id wa st
132  0 147560 99525920  26836 875054208    0    0     0     0 247032 26720 17  1 82  0  0
 4  0 147560 98869232  26836 875054208    0    0     0     0 350611 24323 26  1 72  0  0
130  0 147560 99522336  26836 875054208    0    0     0  2474 89855 24642 12  1 87  0  0
130  0 147560 99521624  26836 875054208    0    0     0     0 59414 13935 15  0 85  0  0
131  0 147560 99520920  26836 875054208    0    0     0    70 87773 17120 17  0 83  0  0
 3  0 147560 99519056  26836 875054208    0    0     0   169 144964 13886 23  1 76  0  0
131  0 147560 99547048  26836 875054208    0    0     0     0 104977 14192 15  0 85  0  0
131  0 147560 99572896  26836 875054400    0    0     0  2278 56520 18515 17  0 83  0  0
 4  0 147560 99552704  26836 875054464    0    0     0    12 53454 8852 18  1 81  0  0
 4  0 147560 99551216  26836 875054464    0    0     0     0 52008 21624 16  0 84  0  0
130  0 147560 99552864  26836 875054528    0    0     0  1472 53938 16190 17  0 83  0  0
 3  0 147560 99551616  26836 875054528    0    0     0   545 60591 10710 20  1 79  0  0
 3  0 147560 99545792  26836 875054528    0    0     0     0 64739 16698 20  0 80  0  0
 3  0 147560 99545296  26836 875054528    0    0     0   554 44990 13319 14  0 86  0  0
 3  0 147560 99547200  26836 875054528    0    0     0     0 53767 8245 18  1 82  0  0
130  0 147560 99543840  26836 875054528    0    0     0    80 54244 15329 17  0 83  0  0
130  0 147560 99543464  26836 875054528    0    0     0     0 49240 13156 16  0 84  0  0
 3  0 147560 99543968  26836 875054528    0    0     0     0 58509 9511 19  1 80  0  0
 3  0 147560 99544320  26836 875054720    0    0     0     2 51934 14523 17  0 83  0  0
130  0 147560 99542608  26836 875054720    0    0     0     0 56630 16730 18  0 82  0  0
 3  0 147560 99538568  26836 875054784    0    0     0    32 69501 13245 23  1 76  0  0
procs -----------memory---------- ---swap-- -----io---- -system-- ------cpu-----
 r  b   swpd   free   buff  cache   si   so    bi    bo   in   cs us sy id wa st
 4  0 147560 99537552  26836 875054848    0    0     0  2000 48457 14143 15  0 84  0  0
 4  0 147560 99499024  26836 875054848    0    0     0   496 61367 15547 19  0 80  0  0
132  0 147560 99347456  26836 875054848    0    0     0    13 69958 16075 23  1 76  0  0
 4  0 147560 99230096  26836 875054848    0    0     0     0 50333 14611 16  0 84  0  0
131  0 147560 99076616  26836 875054848    0    0     0     0 55338 16036 18  0 82  0  0
134  0 147560 98961304  26836 875054912    0    0     0     0 71404 15638 23  1 76  0  0
 4  0 147560 98926560  26836 875054912    0    0     0   184 49536 15758 16  0 84  0  0
 8  0 147560 98864648  26836 875054912    0    0     0   172 65526 15044 21  1 78  0  0
132  0 147560 98736336  26836 875054912    0    0     0     0 49196 15943 15  0 84  0  0
 4  0 147560 98573160  26836 875054976    0    0     0     0 49602 16852 15  0 85  0  0
131  0 147560 98195424  26836 875054976    4    0     4     0 57504 12138 19  1 81  0  0
 3  0 147560 98560944  26836 875054976    0    0     0   100 51554 11011 17  1 82  0  0
 3  0 147560 98557728  26836 875054976    0    0     0     0 41384 11050 13  0 87  0  0
 3  0 147560 98559304  26836 875054976    0    0     0     2 39946 12228 12  0 88  0  0
 5  0 147560 98560248  26836 875055040    0    0     0   161 58078 10380 19  1 80  0  0
 3  0 147560 98550160  26836 875066112    0    0     0     3 55494 12310 18  1 81  0  0
 3  0 147560 98572608  26836 875066560    0    0     0 11632 59581 16252 19  0 80  0  0
 4  0 147560 98567064  26836 875066560    0    0     0    12 51041 14310 16  0 83  0  0
 3  0 147560 98568816  26836 875066624    0    0     0     0 64996 8882 20  1 80  0  0
 3  0 147560 98561784  26836 875066816    0    0     0     0 57333 14888 18  0 82  0  0
130  0 147560 98562104  26836 875066944    0    0     0   759 43203 12826 14  0 86  0  0
procs -----------memory---------- ---swap-- -----io---- -system-- ------cpu-----
 r  b   swpd   free   buff  cache   si   so    bi    bo   in   cs us sy id wa st
 3  0 147560 98563200  26836 875067072    0    0     0  1580 70591 12040 23  1 76  0  0
 3  0 147560 98557720  26836 875067136    0    0     0  3131 49509 13916 15  0 85  0  0
 3  0 147560 98534064  26836 875067200    0    0     0    76 40337 11626 13  0 87  0  0
130  0 147560 97880648  26836 875067200    0    0     0     0 75213 11497 25  1 74  0  0
130  0 147560 98534144  26836 875067264    0    0     0     0 46496 12211 15  0 85  0  0
 3  0 147560 98533896  26836 875067264    0    0     0   446 56227 14859 16  0 84  0  0
 3  0 147560 97879064  26836 875067520    0    0     0   116 70688 12523 24  1 75  0  0
 3  0 147560 98531712  26836 875067520    0    0     0    32 48302 13656 15  0 84  0  0
 3  0 147560 98531552  26836 875067584    0    0     0     3 55519 14348 18  0 82  0  0
130  0 147560 98530608  26836 875067584    0    0     0    31 71848 12170 24  1 75  0  0
 3  0 147560 98530256  26836 875067584    0    0     0   390 49059 12907 16  0 84  0  0
 3  0 147560 98525360  26836 875067584    0    0     0  2012 49183 13289 15  0 85  0  0
130  0 147560 98524640  26836 875067648    0    0     0     0 66583 9833 22  1 77  0  0
 4  0 147560 99414960  26836 875067648    0    0     0     0 79944 22198 16  0 84  0  0
 3  0 147560 99501584  26836 875067648    0    0     0     0 183880 16095 15  0 85  0  0
131  0 147560 99166360  26836 875067776    0    0     0   293 371983 33562 25  1 74  0  0
 4  0 147560 99476168  26836 875067776    0    0     0  2117 308089 23947 21  1 78  0  0
 3  0 147560 99476464  26836 875067776    0    0     0     0 198419 22238 13  1 86  0  0
132  0 147560 99475392  26836 875067840    0    0     0    50 99421 28247 19  1 80  0  0
 5  0 147560 99470464  26836 875067968    0    0     0     0 302489 23232 28  1 71  0  0
 4  0 147560 99469728  26836 875068096    0    0     0     0 71200 27781 17  1 83  0  0
procs -----------memory---------- ---swap-- -----io---- -system-- ------cpu-----
 r  b   swpd   free   buff  cache   si   so    bi    bo   in   cs us sy id wa st
130  0 147560 99469280  26836 875068096    0    0     0   614 53871 17629 16  0 84  0  0
 3  0 147560 99469496  26836 875068096    0    0     0    62 67746 15478 22  1 77  0  0
130  0 147560 99461360  26836 875068160    0    0     0     0 55441 15679 17  0 82  0  0
 5  0 147560 99460656  26836 875068160    0    0     0     0 48302 14512 14  0 85  0  0
 6  0 147560 99480080  26836 875068160    0    0     0     0 73356 13918 23  1 76  0  0
 3  0 147560 99479264  26836 875068160    0    0     0   786 39080 11330 12  0 88  0  0
 3  0 147560 99479592  26836 875068160    0    0     0    72 58255 14858 18  0 82  0  0
 3  0 147560 99482424  26836 875068160    0    0     0     0 58190 10060 19  1 80  0  0
 3  0 147560 99479496  26836 875068224    0    0     0   532 40937 15729 12  0 88  0  0
 3  0 147560 99479136  26836 875068352    0    0     0    61 48001 13685 15  0 85  0  0
130  0 147560 98823280  26836 875068352    0    0     0   556 62431 10253 21  1 78  0  0
 3  0 147560 99476496  26836 875068352    0    0     0     0 42347 11138 13  0 87  0  0
130  0 147560 99475744  26836 875068416    0    0     0  1528 42248 12640 13  0 87  0  0
 3  0 147560 99475744  26836 875068416    0    0     0     0 39023 10561 13  0 87  0  0
132  0 147560 99474656  26836 875068480    0    0     0   254 62721 10230 21  1 78  0  0
 5  0 147560 99474832  26836 875068416    0    0     0     0 52084 11507 17  1 82  0  0
 3  0 147560 99476576  26836 875068480    0    0     0     0 52175 15907 16  0 83  0  0
 3  0 147560 99475376  26836 875068480    0    0     0  1968 46822 13455 15  0 85  0  0
 3  0 147560 99475312  26836 875068480    0    0     0     0 67136 11073 23  1 77  0  0
136  0 147560 99425520  26836 875068480    0    0     0    71 51911 14122 17  0 83  0  0
 4  0 147560 99291848  26836 875068480    0    0     0    10 53015 18406 16  0 83  0  0
procs -----------memory---------- ---swap-- -----io---- -system-- ------cpu-----
 r  b   swpd   free   buff  cache   si   so    bi    bo   in   cs us sy id wa st
131  0 147560 99168272  26836 875068544    0    0     0   249 72405 14020 24  1 75  0  0
135  0 147560 99018608  26836 875068544    0    0     0   175 48738 15442 15  0 84  0  0
 6  0 147560 98891616  26836 875068544    0    0     0     0 42858 13913 13  0 87  0  0
136  0 147560 98857688  26836 875068544    0    0     0     0 126069 15793 17  0 83  0  0
132  0 147560 98794912  26836 875068544    0    0     0     0 186341 15425 25  1 74  0  0
 5  0 147560 98635784  26836 875068608    0    0     0     0 59893 19555 18  0 81  0  0
136  0 147560 98474080  26836 875068608    0    0     0    91 169902 17185 19  1 80  0  0
131  0 147560 98462888  26836 875068608    0    0     0   127 144801 12324 23  1 76  0  0
 8  0 147560 98464896  26836 875068608    0    0     0     0 46867 13404 14  0 85  0  0
 3  0 147560 98464272  26836 875068800    0    0     0     0 44699 12042 13  0 86  0  0
 3  0 147560 98482648  26836 875068864    0    0     0     0 275096 12733 26  1 73  0  0
130  0 147560 98481960  26836 875068992    0    0     0     0 49627 12365 14  0 86  0  0
 3  0 147560 98480704  26836 875069056    0    0     0     2 70303 12710 14  0 85  0  0
 3  0 147560 98491584  26836 875069120    0    0     0   658 299122 11603 28  1 70  0  0
131  0 147560 98488904  26836 875069184    0    0     0    12 104876 13498 17  0 83  0  0
 3  0 147560 98490192  26836 875069184    0    0     0     0 68517 14791 17  0 83  0  0
 3  0 147560 97963120  26836 875069248    0    0     0     0 362205 9693 28  1 71  0  0
 3  0 147560 98478496  26836 875069120    0    0     0   245 75432 12038 14  0 86  0  0
 3  0 147560 98477064  26836 875069184    0    0     0   402 79311 16040 15  0 84  0  0
130  0 147560 98496688  26836 875069184    0    0     0  3073 83551 15181 14  0 85  0  0
130  0 147560 98494256  26836 875069248    0    0    20    18 328997 12802 28  1 71  0  0
procs -----------memory---------- ---swap-- -----io---- -system-- ------cpu-----
 r  b   swpd   free   buff  cache   si   so    bi    bo   in   cs us sy id wa st
 4  0 147560 98482712  26836 875071488    0    0     8     0 60794 13727 17  0 83  0  0
130  0 147560 98476528  26836 875074304    8    0     8     0 92605 14128 25  1 74  0  0
130  0 147560 98471264  26836 875076544    0    0     0  2328 50828 13843 16  0 83  0  0
131  0 147560 98464704  26836 875078464    0    0     8     3 52144 14782 16  0 83  0  0
130  0 147560 97808048  26836 875079808    0    0     0     0 72423 9905 21  1 78  0  0
 3  0 147560 98459728  26836 875080768    0    0     0     0 50965 12891 15  0 84  0  0
 3  0 147560 98456000  26836 875081088    0    0     0    12 53719 14633 17  0 82  0  0
130  0 147560 98447104  26836 875083776    0    0     0  1486 62307 9678 19  1 80  0  0
 3  0 147560 98446512  26836 875084096    0    0     0    32 41024 11695 13  0 87  0  0
130  0 147560 98439136  26836 875084736    0    0     0     0 42620 11560 13  0 87  0  0
 3  0 147560 99341032  26836 875085440    0    0     0     0 69100 17552 12  0 87  0  0
130  0 147560 99426648  26836 875085568    0    0     0   168 70346 13909 19  1 80  0  0
 4  0 147560 99400680  26836 875086080    0    0     0   291 64922 30301 15  1 84  0  0
 4  0 147560 99398216  26836 875086400    0    0     0   201 51868 27341 14  1 85  0  0
131  0 147560 98744832  26836 875086592    0    0     0     0 69217 20582 21  1 77  0  0
 4  0 147560 99398688  26836 875086720    0    0     0     0 54815 25123 16  1 83  0  0
 5  0 147560 99384216  26836 875099392    0    0     0     0 54125 22558 15  1 84  0  0
 3  0 147560 99385032  26836 875099776    0    0     0  1724 64407 27663 19  1 80  0  0
130  0 147560 99252592  26836 875100672    0    0     0 11640 73654 13334 18  0 82  0  0
 3  0 147560 99382128  26836 875100992    0    0     0    82 78459 10827 21  1 78  0  0
130  0 147560 99377648  26836 875101120    0    0     0    18 61936 16683 17  0 82  0  0
procs -----------memory---------- ---swap-- -----io---- -system-- ------cpu-----
 r  b   swpd   free   buff  cache   si   so    bi    bo   in   cs us sy id wa st
130  0 147560 99377504  26836 875101184    0    0     0     0 55348 11892 15  0 85  0  0
 4  0 147560 99397968  26836 875101888    0    0     0     0 90951 15874 23  1 76  0  0
 4  0 147560 99396552  26836 875102080    0    0     0   831 51468 15489 16  0 83  0  0
 3  0 147560 99404648  26836 875091904    0    0     0     5 49211 15802 15  0 85  0  0
 4  0 147560 99454304  26836 875091904    0    0     0     0 102054 11441 23  1 76  0  0
 4  0 147560 99472752  26836 875070720    0    0     0   500 47357 14333 15  0 85  0  0
 3  0 147560 99472424  26836 875070720    0    0     0    18 46073 14419 14  0 85  0  0
 3  0 147560 99473776  26836 875070720    0    0     0  1647 74989 10362 21  1 78  0  0
 3  0 147560 99472624  26836 875070720    0    0     0    23 60696 12133 13  0 87  0  0
 3  0 147560 99469560  26836 875070720    0    0     0     0 79272 13808 14  0 85  0  0
 3  0 147560 99467768  26836 875070720    0    0     0     0 501208 9162 25  1 74  0  0
 3  0 147560 99467776  26836 875070720    0    0     0     0 225748 11396 12  0 87  0  0
130  0 147560 99467104  26836 875070720    0    0     0  1976 234310 15377 18  1 81  0  0
130  0 147560 98811144  26836 875070720    0    0     0     0 217784 14435 26  1 73  0  0
130  0 147560 99465376  26836 875070784    0    0     0     0 55125 14449 15  0 85  0  0
 3  0 147560 99465824  26836 875070784    0    0     0     0 45495 12126 15  0 85  0  0
135  0 147560 99406320  26836 875070784    0    0     0    94 231545 13770 21  0 79  0  0
131  0 147560 99317600  26836 875070784    0    0     0    10 207196 16201 24  1 75  0  0
 5  0 147560 99170672  26836 875070784    0    0     0  1750 60630 17299 19  0 81  0  0
134  0 147560 99000896  26836 875070784    0    0     0     0 155582 14592 19  0 81  0  0
133  0 147560 98912752  26836 875070784    0    0     0     0 222888 12673 24  1 75  0  0
procs -----------memory---------- ---swap-- -----io---- -system-- ------cpu-----
 r  b   swpd   free   buff  cache   si   so    bi    bo   in   cs us sy id wa st
135  0 147560 98877992  26836 875070784    0    0     0     0 67698 20075 20  0 79  0  0
135  0 147560 98745920  26836 875070784    0    0     0     0 236017 17942 22  1 78  0  0
 9  0 147560 98670000  26836 875070848    0    0     0   148 177695 12064 20  1 79  0  0
130  0 147560 98505488  26836 875070784    0    0     0     2 50867 16649 15  0 85  0  0
130  0 147560 98506136  26836 875070784    0    0     0   139 54271 14709 16  0 83  0  0
 3  0 147560 98508640  26836 875070784    0    0     0     3 364254 7850 27  1 72  0  0
130  0 147560 98506472  26836 875070784    0    0     0     0 55169 14429 17  0 83  0  0
130  0 147560 98505904  26836 875070784    0    0     0    92 54011 15147 16  0 83  0  0
 3  0 147560 98504352  26836 875070784    0    0     0     0 309532 8454 24  1 76  0  0
 3  0 147560 98503424  26836 875070784    0    0     0     0 48454 12326 14  0 86  0  0
131  0 147560 98510104  26836 875070784    0    0     0     2 43227 11773 13  0 87  0  0
131  0 147560 98515888  26836 875070784    0    0     0    10 43416 12053 12  0 87  0  0
 3  0 147560 98518104  26836 875070784    0    0     0   200 176103 9150 23  1 76  0  0
 3  0 147560 98509824  26836 875070848    0    0     0   165 48403 13976 15  0 85  0  0
 3  0 147560 98509952  26836 875070848    0    0     0   703 36233 10156 11  0 89  0  0
132  0 147560 97854672  26836 875070848    0    0     0    15 145697 11400 23  1 76  0  0
 3  0 147560 98510368  26836 875070848    0    0     0   114 65670 14297 14  0 85  0  0
 3  0 147560 98496080  26836 875082368    0    0     0  3132 92610 12901 19  1 80  0  0
 3  0 147560 98494480  26836 875082368    0    0     0 13564 44866 13121 14  0 86  0  0
130  0 147560 97912112  26836 875082368    0    0     0    60 119141 12463 22  1 78  0  0
131  0 147560 98491320  26836 875082368    0    0     0    69 79757 13160 17  0 83  0  0
procs -----------memory---------- ---swap-- -----io---- -system-- ------cpu-----
 r  b   swpd   free   buff  cache   si   so    bi    bo   in   cs us sy id wa st
 4  0 147560 98491456  26836 875082432    0    0     0     0 101507 12483 15  0 85  0  0
 3  0 147560 98491008  26836 875082432    0    0     0     0 182076 12997 15  0 85  0  0
 3  0 147560 98466032  26836 875082432    0    0     0     0 692240 9824 26  1 72  0  0
 3  0 147560 98465896  26836 875082432    0    0     0    88 70913 12792 15  0 85  0  0
 4  0 147560 98463920  26836 875082432    0    0     0   155 63389 12377 14  0 85  0  0
 4  0 147560 98529168  26836 875082432    0    0     0     3 185919 12338 26  1 73  0  0
130  0 147560 98497112  26836 875082432    0    0     0     0 48999 13317 16  0 84  0  0
 8  0 147560 99376792  26836 875082432    0    0     0     0 89316 21228 19  0 80  0  0
130  0 147560 99463232  26836 875082432    0    0     0   196 181763 14454 25  1 74  0  0
13  0 147560 99436784  26836 875082432    0    0     0   271 77016 33049 19  1 80  0  0
132  0 147560 99307160  26836 875082432    0    0     0  1645 121805 25413 19  1 80  0  0
 4  0 147560 99436592  26836 875082432    0    0     0     0 149525 21245 19  1 79  0  0
 5  0 147560 99437040  26836 875082432    0    0     0     0 63993 25336 16  1 83  0  0
130  0 147560 99408784  26836 875082496    0    0     0  1574 120029 26824 20  1 80  0  0
 3  0 147560 99431736  26836 875082496   16    0    16    18 88379 22314 21  1 78  0  0
 4  0 147560 99432752  26836 875082496    0    0     0    96 52807 14690 17  0 83  0  0
130  0 147560 99332664  26836 875082496    0    0     0     3 95531 13377 18  0 81  0  0
 4  0 147560 99411520  26836 875082496    0    0     0   152 86900 9426 19  1 80  0  0
 3  0 147560 99409536  26836 875082496    0    0     0     0 48627 12767 15  0 84  0  0
130  0 147560 99299616  26836 875082624    0    0     0    89 164027 16609 22  1 77  0  0
 3  0 147560 99431568  26836 875082560    0    0     0     3 135796 12033 24  1 75  0  0
procs -----------memory---------- ---swap-- -----io---- -system-- ------cpu-----
 r  b   swpd   free   buff  cache   si   so    bi    bo   in   cs us sy id wa st
130  0 147560 99431696  26836 875082560    0    0     0     0 41226 11216 13  0 87  0  0
 4  0 147560 99435984  26836 875082560    0    0     0     0 44659 12202 14  0 85  0  0
 6  0 147560 99435000  26836 875082560    0    0     0     0 164951 8974 23  1 77  0  0
 5  0 147560 99433232  26836 875082560    0    0     0  1420 51564 13077 17  0 83  0  0
 3  0 147560 99432488  26836 875082560    0    0     0    12 42851 12377 13  0 86  0  0
131  0 147560 99470784  26836 875082624    4    0     4   360 153915 11235 25  1 74  0  0
 4  0 147560 99466472  26836 875082624    0    0     0     0 55619 15365 18  0 82  0  0
130  0 147560 99455408  26836 875082624    0    0     0     0 61855 12816 15  0 85  0  0
130  0 147560 99455888  26836 875082624    0    0     0  3868 124381 7446 20  1 80  0  0
 4  0 147560 99455888  26836 875082624    0    0     0     2 45495 12367 15  0 85  0  0
 4  0 147560 99456112  26836 875082624    0    0     0     0 42717 12339 14  0 86  0  0
130  0 147560 99455984  26836 875082624    0    0     0    10 61335 10066 21  1 78  0  0
130  0 147560 99455984  26836 875082624    0    0     0     0 47211 12226 15  0 84  0  0
 5  0 147560 99387392  26836 875082624    0    0     0   174 48247 14683 15  0 85  0  0
135  0 147560 99044304  26836 875082624    0    0     0     3 54779 15381 17  1 82  0  0
 5  0 147560 99122480  26836 875082624    0    0     0     0 51623 11334 17  1 82  0  0
131  0 147560 98948288  26836 875094144    0    0     0     0 64803 16974 20  1 79  0  0
 5  0 147560 98859816  26836 875094144    0    0     0   214 59521 16384 19  0 81  0  0
132  0 147560 98178752  26836 875094208    0    0     0 11692 167099 15836 25  1 74  0  0
 4  0 147560 98758216  26836 875094208    0    0     0     0 76135 16781 17  0 83  0  0
 6  0 147560 98601776  26836 875094208    0    0     0     0 73726 16099 15  0 84  0  0
procs -----------memory---------- ---swap-- -----io---- -system-- ------cpu-----
 r  b   swpd   free   buff  cache   si   so    bi    bo   in   cs us sy id wa st
 3  0 147560 98455152  26836 875094208    0    0     0     0 52021 17596 14  0 85  0  0
130  0 147560 98456160  26836 875094208    0    0     0     0 188470 9577 25  1 73  0  0
 3  0 147560 98454024  26836 875094208    0    0     0   156 48031 13348 15  0 85  0  0
 3  0 147560 98453112  26836 875094208    0    0     0  1572 39849 11429 12  0 87  0  0
130  0 147560 97798400  26836 875094208    0    0     0     0 241431 10951 24  1 75  0  0
 3  0 147560 98453040  26836 875094208    0    0     0    49 172297 11651 16  0 84  0  0
 4  0 147560 98453136  26836 875094208    0    0     0     0 59474 14348 17  0 82  0  0
130  0 147560 98078960  26836 875094208    0    0     0     9 177816 12658 23  1 77  0  0
 4  0 147560 98458552  26836 875094208    0    0     0   103 74200 10833 17  1 82  0  0
 3  0 147560 98458304  26836 875094272    0    0     0     0 48974 14320 15  0 85  0  0
 3  0 147560 98457464  26836 875094272    0    0     0   148 43245 12911 14  0 86  0  0
 3  0 147560 98457824  26836 875094272    0    0     0     0 212380 9488 25  1 74  0  0
 3  0 147560 98458872  26836 875094272    0    0     0   315 55501 15435 18  0 82  0  0
 3  0 147560 98454416  26836 875094272    0    0     0   114 53126 15916 16  0 84  0  0
 3  0 147560 98452352  26836 875094272    0    0     0  3096 258921 8549 25  1 74  0  0
 3  0 147560 98430080  26836 875094272    0    0     0    20 53506 14000 16  0 83  0  0
 4  0 147560 98427760  26836 875094272    0    0     0     0 53825 13903 17  0 83  0  0
 3  0 147560 98458496  26836 875094272    0    0     0    74 263938 10597 25  1 74  0  0
 4  0 147560 98455288  26836 875094272    0    0     0  3835 49778 13035 15  0 84  0  0
 3  0 147560 98454768  26836 875094272    0    0     0     0 53834 14723 17  0 83  0  0
 4  0 147560 98458320  26836 875094272    0    0     0     0 279154 9388 27  1 73  0  0
procs -----------memory---------- ---swap-- -----io---- -system-- ------cpu-----
 r  b   swpd   free   buff  cache   si   so    bi    bo   in   cs us sy id wa st
131  0 147560 98452256  26836 875094272    0    0     0     0 55337 15250 16  0 84  0  0
130  0 147560 98451360  26836 875094272    0    0     0     9 61007 15611 19  0 81  0  0
 3  0 147560 98450928  26836 875094272    0    0     0   194 264140 11859 27  1 73  0  0
 3  0 147560 98447464  26836 875094272    0    0     0   160 53739 14457 16  0 84  0  0
 8  0 147560 99349704  26836 875094272    0    0     0     0 80401 20055 15  0 85  0  0
130  0 147560 99175976  26836 875094272    0    0     0   164 185247 14504 21  1 79  0  0
130  0 147560 99410448  26836 875094272    0    0     0   290 161898 32392 20  1 79  0  0
 5  0 147560 99411328  26836 875094336    0    0     0     3 69955 28442 20  1 79  0  0
 4  0 147560 99409192  26836 875094336    0    0     0   168 244030 22463 23  1 76  0  0
 4  0 147560 99409328  26836 875094336    0    0     0     0 77790 25325 13  1 86  0  0
131  0 147560 99409952  26836 875094336    0    0     0     0 68238 25798 14  1 86  0  0
 3  0 147560 99407152  26836 875094336    0    0     0  1861 77596 27029 16  1 84  0  0
 3  0 147560 99409016  26836 875094336    0    0     0    97 595849 7610 25  1 74  0  0
 3  0 147560 99408024  26836 875094336    0    0     0   111 50111 11782 13  0 86  0  0
 3  0 147560 99407952  26836 875094336    0    0     0     0 54355 12325 13  0 86  0  0
 3  0 147560 99406504  26836 875094336    0    0     0     0 45180 11445 12  0 88  0  0
 3  0 147560 99429120  26836 875094336    0    0     0     7 785007 9352 27  1 71  0  0
 3  0 147560 99431120  26836 875094336    0    0     0   648 254295 12070 19  1 80  0  0
130  0 147560 99430304  26836 875094400    0    0     0    35 127309 16787 16  0 84  0  0
 3  0 147560 99429720  26836 875094400    0    0     0  1488 189035 13644 15  0 84  0  0
130  0 147560 99299664  26836 875094400    0    0     0     0 348661 11979 20  1 80  0  0
procs -----------memory---------- ---swap-- -----io---- -system-- ------cpu-----
 r  b   swpd   free   buff  cache   si   so    bi    bo   in   cs us sy id wa st
130  0 147560 99430152  26836 875094400    0    0     0   593 305069 9496 20  1 79  0  0
130  0 147560 99428640  26836 875094400    0    0     0     0 91161 16436 18  0 82  0  0
130  0 147560 99074816  26836 875094400    0    0     0   422 152607 12929 22  1 77  0  0
 3  0 147560 99428912  26836 875094400    0    0     0    18 77140 11002 18  1 82  0  0
 3  0 147560 99429104  26836 875094400    0    0     0  1972 51475 13090 17  0 83  0  0
130  0 147560 99402624  26836 875094400    0    0     0     0 118230 14648 17  0 82  0  0
 3  0 147560 99438144  26836 875094400    0    0     0     2 98634 11931 22  1 77  0  0
 4  0 147560 99438688  26836 875094400    0    0     0     0 58824 15856 19  0 81  0  0
 3  0 147560 99438304  26836 875094400    0    0     0     0 215098 10324 25  1 74  0  0
 3  0 147560 99438368  26836 875094400    0    0     0   116 46511 12813 15  0 85  0  0
 7  0 147560 99358608  26836 875094400    0    0     0    58 46887 14775 15  0 85  0  0
 4  0 147560 99248888  26836 875094400    0    0     0     5 223883 14469 27  1 72  0  0
131  0 147560 99072656  26836 875094400    0    0     0     0 62567 17994 20  0 80  0  0
 4  0 147560 98898472  26836 875094400    0    0     0     0 56926 17013 16  0 83  0  0
 5  0 147560 98841360  26836 875094400    0    0     0   356 170596 10473 22  1 77  0  0
 6  0 147560 98797008  26836 875094400    0    0     0     0 42028 15366 13  0 87  0  0
131  0 147560 98698848  26836 875094400    0    0     0     0 60722 18840 18  0 82  0  0
 4  0 147560 98017568  26836 875094400    0    0     0     0 202543 15299 26  1 73  0  0
 3  0 147560 98438736  26836 875094400    0    0     0     0 50244 15313 15  0 84  0  0
130  0 147560 98438784  26836 875094400    0    0     0    64 46443 13022 15  0 85  0  0
130  0 147560 97786784  26836 875094400    0    0     0   174 130868 11064 22  1 78  0  0
procs -----------memory---------- ---swap-- -----io---- -system-- ------cpu-----
 r  b   swpd   free   buff  cache   si   so    bi    bo   in   cs us sy id wa st
 4  0 147560 98438544  26836 875094400    0    0     0     0 92483 11869 17  0 83  0  0
130  0 147560 98437504  26836 875094400    0    0     0     0 50298 12830 16  0 84  0  0
130  0 147560 98065528  26836 875094400    0    0     0     0 157073 11602 21  1 79  0  0
 3  0 147560 98437136  26836 875094400    0    0     0     0 99287 10194 19  1 81  0  0
 6  0 147560 98443936  26836 875094400    0    0     0   105 38800 11187 12  0 87  0  0
 3  0 147560 98444368  26836 875094400    0    0     0     3 60802 11669 14  0 85  0  0
 5  0 147560 98440064  26836 875094464    0    0     0     0 194157 13163 23  1 76  0  0
130  0 147560 98437520  26836 875094464    0    0     0     0 75183 14394 16  0 83  0  0
130  0 147560 97882608  26836 875094464    0    0     0     0 173184 11642 23  1 76  0  0
130  0 147560 98438264  26836 875094464    0    0     0  1977 107454 11392 15  0 84  0  0
 3  0 147560 98439696  26836 875094464    0    0     0     0 44811 11648 12  0 88  0  0
 3  0 147560 98437432  26836 875094464    0    0     0  3054 45492 13770 14  0 86  0  0
 4  0 147560 98437560  26836 875094464    0    0     0    18 147562 9591 22  1 77  0  0
 3  0 147560 98439016  26836 875094464    0    0     0     0 44987 12693 14  0 85  0  0
 3  0 147560 98438560  26836 875094464    0    0     0  2053 42950 11660 13  0 86  0  0
130  0 147560 98304688  26836 875094464    0    0     0     0 89499 10755 15  0 84  0  0
 3  0 147560 98436120  26836 875094464    0    0     0     0 93896 10275 18  1 81  0  0
 3  0 147560 98424136  26836 875105600    0    0     0     0 93547 11212 17  1 83  0  0
130  0 147560 98421480  26836 875106048    0    0     0     0 56537 14736 17  0 83  0  0
 3  0 147560 98421312  26836 875106048    0    0     0 11639 57943 13848 18  0 82  0  0
 4  0 147560 98421400  26836 875106048    0    0     0   131 148593 9426 25  1 75  0  0
procs -----------memory---------- ---swap-- -----io---- -system-- ------cpu-----
 r  b   swpd   free   buff  cache   si   so    bi    bo   in   cs us sy id wa st
131  0 147560 98462416  26836 875106048    0    0     0     0 53153 14108 16  0 84  0  0
 3  0 147560 99381920  26836 875106048    0    0     0     0 84879 20852 16  0 84  0  0
 3  0 147560 99399056  26836 875106048    0    0     0     0 151012 11347 23  1 77  0  0
 4  0 147560 99375888  26836 875106048    0    0     0   366 76822 33585 18  1 81  0  0
 4  0 147560 99413864  26836 875106048    0    0     0    77 55844 26660 15  1 84  0  0
 4  0 147560 99381808  26836 875106048    0    0     0     0 231189 18811 23  1 76  0  0
 5  0 147560 99380632  26836 875106048    0    0     0  1756 70372 30911 20  1 79  0  0
 3  0 147560 99379104  26836 875106112    0    0     0     0 52945 26072 15  1 85  0  0
 4  0 147560 99379728  26836 875106112    0    0     0     0 207393 17680 24  1 74  0  0
 3  0 147560 99379984  26836 875106112    0    0     0    82 50459 15826 16  0 84  0  0
 3  0 147560 99379928  26836 875106112    0    0     0   163 57441 14299 18  0 82  0  0
 3  0 147560 99379304  26836 875106112    0    0     0     0 206459 8900 23  1 76  0  0
 3  0 147560 99380656  26836 875106112    0    0     0     0 59577 13816 19  0 81  0  0
130  0 147560 99400880  26836 875106112    0    0     0     9 61226 16748 18  0 82  0  0
131  0 147560 99401600  26836 875106112    0    0     0     3 233488 10157 27  1 72  0  0
 3  0 147560 99401912  26836 875106112    0    0     0   720 60034 15329 19  0 81  0  0
126  0 147560 99272256  26836 875106112    0    0     0     0 141464 12817 18  1 81  0  0
130  0 147560 99400256  26836 875106112    0    0     0     0 154826 9005 18  1 81  0  0
130  0 147560 99399664  26836 875106112    0    0     0   363 124680 12588 15  0 85  0  0
 3  0 147560 99398800  26836 875106048    0    0     0     3 67852 12982 14  0 86  0  0
 3  0 147560 99401792  26836 875106048    0    0     0   402 311867 8054 26  1 73  0  0
procs -----------memory---------- ---swap-- -----io---- -system-- ------cpu-----
 r  b   swpd   free   buff  cache   si   so    bi    bo   in   cs us sy id wa st
 3  0 147560 99398160  26836 875106048    0    0     0  2002 52682 13539 15  0 85  0  0
 3  0 147560 99398144  26836 875106048    0    0     0     0 46621 12668 15  0 85  0  0
130  0 147560 98968048  26836 875106048    0    0     0     0 182047 10833 24  1 76  0  0
130  0 147560 99396576  26836 875106048    0    0     0     2 131515 11668 20  1 79  0  0
130  0 147560 99393672  26836 875106048    0    0     0     0 55317 16155 17  0 83  0  0
130  0 147560 98739888  26836 875106048    0    0     0  1488 181563 12520 27  1 72  0  0
130  0 147560 99393920  26836 875106048    0    0     0     0 108245 9644 15  0 85  0  0
 7  0 147560 99300400  26836 875106048    0    0     0    62 126692 15406 15  0 84  0  0
 4  0 147560 99204064  26836 875106048    0    0     0     3 130190 15405 14  0 85  0  0
 4  0 147560 99026792  26836 875106048    0    0     0     0 596113 10257 25  1 74  0  0
 4  0 147560 98870056  26836 875106048    0    0     0    46 171133 15012 13  0 87  0  0
 5  0 147560 98806168  26836 875106112    0    0     0   348 86151 15326 14  0 85  0  0
 4  0 147560 98768576  26836 875106112    0    0     0     0 67515 18388 15  0 85  0  0
 5  0 147560 98678624  26836 875106112    0    0     0     0 123086 15518 22  1 77  0  0
 5  0 147560 98507792  26836 875106112    0    0     0     0 53028 16399 16  0 84  0  0
131  0 147560 98400240  26836 875106112    0    0     0     0 42011 14799 13  0 87  0  0
 3  0 147560 98403240  26836 875106112    0    0     0   178 66086 10379 20  1 79  0  0
130  0 147560 98246760  26836 875106112    0    0     0   152 46956 12071 15  0 84  0  0
 3  0 147560 98388944  26836 875117632    0    0     0     0 61550 12526 16  1 83  0  0
 4  0 147560 98389312  26836 875117632    0    0     0     0 72499 15591 18  0 81  0  0
130  0 147560 97792288  26836 875117632    0    0     0     0 73457 10572 18  1 81  0  0
procs -----------memory---------- ---swap-- -----io---- -system-- ------cpu-----
 r  b   swpd   free   buff  cache   si   so    bi    bo   in   cs us sy id wa st
 3  0 147560 98408384  26836 875117632    0    0     0 11684 57515 13997 18  0 82  0  0
 3  0 147560 98413952  26836 875117696    0    0     0     9 46487 11936 15  0 85  0  0
 4  0 147560 97891104  26836 875117696    0    0     0     3 91830 11453 24  1 75  0  0
 3  0 147560 98399352  26836 875117696    0    0     0     0 46072 12699 14  0 86  0  0
 4  0 147560 98389888  26836 875117696    0    0     0     0 43468 12429 13  0 86  0  0
130  0 147560 97736656  26836 875117696    0    0     0    16 84920 12688 24  1 75  0  0
130  0 147560 98389664  26836 875117696    0    0     0  2474 63019 14490 18  0 81  0  0
 4  0 147560 98389792  26836 875117696    0    0     0     3 46635 14265 15  0 85  0  0
 3  0 147560 98391064  26836 875117696    0    0     0    73 110451 12179 25  1 74  0  0
 3  0 147560 98391152  26836 875117696    0    0     0  3088 45695 13080 14  0 86  0  0
130  0 147560 98389512  26836 875117696    0    0     0     0 44282 12373 14  0 86  0  0
135  0 147560 98911568  26836 875117696    0    0     0    56 59085 16893 16  0 84  0  0
130  0 147560 98938600  26836 875117696    0    0     0   114 81037 12037 23  1 77  0  0
 3  0 147560 98937816  26836 875117696    0    0     0     0 44312 14217 14  0 86  0  0
131  0 147560 98805888  26836 875117696    0    0     0     0 63166 14125 20  0 80  0  0
130  0 147560 98936048  26836 875117696    0    0     0    31 79298 10968 19  1 80  0  0
 3  0 147560 98936336  26836 875117696    0    0     0     7 53297 13638 17  0 83  0  0
130  0 147560 98282616  26836 875117696    0    0     0  1533 138745 11779 25  1 74  0  0
 4  0 147560 98936120  26836 875117760    0    0    44     0 47503 15423 14  0 86  0  0
 3  0 147560 99369384  26836 875117760    0    0     0     0 90219 20942 19  0 81  0  0
 3  0 147560 99371288  26836 875117760    0    0     0   152 120690 10516 22  1 77  0  0
procs -----------memory---------- ---swap-- -----io---- -system-- ------cpu-----
 r  b   swpd   free   buff  cache   si   so    bi    bo   in   cs us sy id wa st
 4  0 147560 99345336  26836 875117696    0    0     0   260 75879 36001 18  1 81  0  0
 4  0 147560 99346192  26836 875117696    0    0     0   164 51443 25765 14  1 85  0  0
 4  0 147560 98823272  26836 875117696    0    0     0    29 186192 21382 27  1 72  0  0
131  0 147560 99338064  26836 875117696    0    0     0     3 55022 24759 15  1 85  0  0
 4  0 147560 99303824  26836 875117696    0    0     0     0 45549 25637 12  1 87  0  0
 3  0 147560 99305024  26836 875117696    0    0     0  1732 53644 22028 15  0 84  0  0
130  0 147560 99298800  26836 875117696    0    0     0    79 405388 11377 27  1 72  0  0
130  0 147560 99336976  26836 875117696    0    0     0    68 58503 12543 14  0 86  0  0
 3  0 147560 99335016  26836 875117696    0    0     0     0 96995 13527 16  0 84  0  0
 3  0 147560 99334864  26836 875117696    0    0     0     0 534146 10192 24  1 75  0  0
 3  0 147560 99357376  26836 875117696    0    0     0   230 93204 14999 14  0 86  0  0
 3  0 147560 99357408  26836 875117696    0    0     0     0 72096 11793 14  0 86  0  0
130  0 147560 98700352  26836 875117696    0    0     0     0 554527 9886 26  1 73  0  0
 3  0 147560 99355104  26836 875117696    0    0     0  2032 158677 10614 14  0 86  0  0
 3  0 147560 99352976  26836 875117696    0    0     0     0 44008 12919 11  0 88  0  0
 3  0 147560 99352248  26836 875117696    0    0     0   624 49207 13304 13  0 87  0  0
 3  0 147560 99352880  26836 875117760    0    0     0   418 42593 9025  9  0 91  0  0
 3  0 147560 99352656  26836 875117760    0    0     0     0 584653 8006 31  1 67  0  0
130  0 147560 99337712  26836 875129280    0    0     0   544 249957 10630 19  1 80  0  0
130  0 147560 99338352  26836 875129280    0    0     0     0 59144 15357 19  0 80  0  0
 3  0 147560 99339056  26836 875129280    0    0     0     0 61201 15038 19  0 80  0  0
procs -----------memory---------- ---swap-- -----io---- -system-- ------cpu-----
 r  b   swpd   free   buff  cache   si   so    bi    bo   in   cs us sy id wa st
130  0 147560 99340800  26836 875129280    0    0     0     2 125494 11085 24  1 75  0  0
 4  0 147560 99338776  26836 875129280    0    0     0     0 53690 13076 17  0 82  0  0
 3  0 147560 98812736  26836 875129280    0    0     0 11632 123677 11235 24  1 75  0  0
 3  0 147560 99338784  26836 875129280    0    0     0    48 38553 10455 12  0 87  0  0
133  0 147560 99236712  26836 875129280    0    0     0    10 57172 16457 18  0 82  0  0
131  0 147560 98487120  26836 875129280    0    0     0     3 81518 14740 23  1 76  0  0
 4  0 147560 98986640  26836 875129280    0    0     0     0 83779 15384 18  0 82  0  0
 5  0 147560 98824624  26836 875129280    0    0     0    32 51306 14834 16  0 84  0  0
132  0 147560 98115424  26836 875129280    0    0     0  1678 108954 12320 24  1 75  0  0
 4  0 147560 98728720  26836 875129280    0    0     0     0 91179 17773 18  0 82  0  0
 4  0 147560 98627536  26836 875129280    0    0     0     0 56867 18348 17  0 82  0  0
 4  0 147560 98460336  26836 875129280    0    0     0     0 121500 13450 24  1 75  0  0
130  0 147560 98368528  26836 875129280    0    0     0     0 54161 16424 17  0 83  0  0
 3  0 147560 98361552  26836 875129280    0    0     0     0 55755 13808 18  0 82  0  0
 3  0 147560 98338312  26836 875129280    0    0     0   320 152096 9296 21  1 78  0  0
 3  0 147560 98335792  26836 875129280    0    0     0     0 51613 13200 17  0 83  0  0
131  0 147560 98359728  26836 875129280    0    0     0     0 49484 14359 15  0 84  0  0
 2  0 147560 103344384  26836 875112128   12    0    12     0 156893 13052 24  1 75  0  0
 3  0 147560 103259232  26836 875112128    0    0     0     0 55903 13484 14  3 83  0  0
 3  0 147560 103189280  26836 875112128    0    0     0   157 119094 13092 18  0 82  0  0
130  0 147560 103060176  26836 875112192    0    0     0    23 352673 12809 16  1 84  0  0
procs -----------memory---------- ---swap-- -----io---- -system-- ------cpu-----
 r  b   swpd   free   buff  cache   si   so    bi    bo   in   cs us sy id wa st
 4  0 147560 102960376  26836 875112192    0    0     4     0 937852 11997 27  2 71  0  0
 3  0 147560 102608432  26836 875112192    0    0     0     0 122676 14483 17  0 82  0  0
 3  0 147560 102280672  26836 875112192    0    0     0     0 99703 13902 15  1 85  0  0
 3  0 147560 101318544  26836 875112192    0    0     0  2078 197888 8995 22  1 78  0  0
130  0 147560 102460488  26836 875112192    0    0     0   384 52644 15015 16  0 83  0  0
131  0 147560 102152976  26836 875112192    0    0     0    12 78453 16993 21  0 79  0  0
130  0 147560 101251424  26836 875122432    0    0     0  3167 157223 7492 18  1 81  0  0
 3  0 147560 100116288  26836 875129024    0    0     0    46 43372 12104 14  0 86  0  0
130  0 147560 99206824  26836 875129408    0    0     0   195 53307 13748 16  0 84  0  0
 4  0 147560 99193744  26836 875129408    0    0     0     0 115594 8009 18  1 82  0  0
 3  0 147560 99193072  26836 875129408    0    0     0     0 45006 12543 14  0 86  0  0
 3  0 147560 99191272  26836 875129408    0    0     0     0 52711 12620 15  0 85  0  0
130  0 147560 99125008  26836 875129408    0    0     0     0 50511 12228 15  0 84  0  0
 4  0 147560 99181504  26836 875129408    0    0     0    12 55992 9158 18  1 81  0  0
131  0 147560 99179392  26836 875129408    0    0     0   136 42224 11718 14  0 86  0  0
 8  0 147560 99546256  26836 875129408    0    0     0     0 66567 16641 14  0 85  0  0
 8  0 147560 100155840  26836 875129408    0    0     0     0 130386 11786 20  1 79  0  0
131  0 147560 100171856  26836 875129408    0    0     0   148 59006 14398 17  1 82  0  0
 5  0 147560 100145080  26836 875129408    0    0     0   283 68686 40186 15  1 84  0  0
133  0 147560 100142144  26836 875129408    0    0     0   180 56709 26726 16  1 83  0  0
 5  0 147560 100146288  26836 875129408    0    0     0     0 86615 21979 24  1 75  0  0
procs -----------memory---------- ---swap-- -----io---- -system-- ------cpu-----
 r  b   swpd   free   buff  cache   si   so    bi    bo   in   cs us sy id wa st
 6  0 147560 100142640  26836 875129408    0    0     0     0 58181 25706 17  1 82  0  0
 5  0 147560 100142304  26836 875129408    0    0     0     0 59219 26254 16  1 83  0  0
131  0 147560 100146736  26836 875129408    0    0     0  1930 85477 18249 21  1 78  0  0
 3  0 147560 100145248  26836 875129408    0    0     0   184 50877 13711 17  0 83  0  0
 3  0 147560 100145552  26836 875129472    0    0     0     0 50008 14278 16  0 84  0  0
 4  0 147560 100147720  26836 875129472    0    0     0     0 68089 9694 21  1 78  0  0
 5  0 147560 100156576  26836 875129472    0    0     0     0 52362 13917 17  0 83  0  0
130  0 147560 100168656  26836 875129472    0    0     0    36 54212 15347 17  0 83  0  0
130  0 147560 100171008  26836 875129472    0    0     0   635 85418 10295 21  1 78  0  0
 5  0 147560 100170032  26836 875129472    0    0     0  2019 63095 16742 20  0 79  0  0
130  0 147560 100171168  26836 875129472    0    0     0     0 54467 15126 17  0 82  0  0
 3  0 147560 100172816  26836 875129472    0    0     0     0 73620 9337 19  1 80  0  0
130  0 147560 100170448  26836 875129472    0    0     0     0 64282 16779 20  1 79  0  0
130  0 147560 100170584  26836 875129472    0    0     0   496 35515 11089 11  0 89  0  0
130  0 147560 100171104  26836 875129472    0    0     0   103 92628 9933 22  1 77  0  0
 3  0 147560 100170848  26836 875129472    0    0     0   865 50749 13880 16  0 83  0  0
 3  0 147560 100170936  26836 875129472    0    0     0     0 51038 12978 17  0 83  0  0
130  0 147560 100172392  26836 875129472    0    0     0     0 106637 10811 22  1 77  0  0
 3  0 147560 100172064  26836 875129472    0    0     0     0 62902 14762 21  0 79  0  0
 3  0 147560 100170136  26836 875129472    0    0     0     0 102320 13388 24  1 76  0  0
 4  0 147560 100168088  26836 875129472    0    0     0   146 55512 15240 18  0 82  0  0
procs -----------memory---------- ---swap-- -----io---- -system-- ------cpu-----
 r  b   swpd   free   buff  cache   si   so    bi    bo   in   cs us sy id wa st
 3  0 147560 100163888  26836 875132288    0    0     0    78 41492 14064 13  0 87  0  0
 5  0 147560 100051472  26836 875132288    0    0     0    13 146841 15450 26  1 73  0  0
135  0 147560 99970160  26836 875132288    0    0     0     0 45689 14673 13  0 86  0  0
131  0 147560 99793408  26836 875132224    0    0     0     0 58160 16420 18  0 81  0  0
 4  0 147560 99639200  26836 875132224    0    0     0  2890 133934 12352 22  1 77  0  0
 5  0 147560 99571408  26836 875132224    0    0     0   188 58807 16424 19  0 81  0  0
 9  0 147560 99535944  26836 875132224    0    0     0     0 62325 18276 14  0 86  0  0
131  0 147560 99412160  26836 875132224    0    0     0     0 117473 14574 22  1 77  0  0
112  0 147560 99240936  26836 875132224    0    0     0     0 47008 16221 15  0 85  0  0
 3  0 147560 99146888  26836 875132224    0    0     0     0 38211 13244 12  0 88  0  0
130  0 147560 99146136  26836 875132224    0    0     0   317 46229 12216 15  0 84  0  0
 4  0 147560 99148544  26836 875132224    0    0     0     3 60125 10211 19  1 80  0  0
 3  0 147560 99146144  26836 875132224    0    0     0     0 41017 12367 13  0 87  0  0
 3  0 147560 99145136  26836 875132224    0    0     0     0 50136 14670 16  0 84  0  0
 3  0 147560 99148192  26836 875132224    0    0     0     0 57828 10084 20  1 80  0  0
 3  0 147560 99153376  26836 875132224    0    0     0  1958 49572 10825 16  1 83  0  0
131  0 147560 99154960  26836 875132224    0    0     0    30 44704 12623 14  0 86  0  0
 3  0 147560 99149144  26836 875132224    0    0     0     0 71368 16552 17  0 83  0  0
131  0 147560 99148000  26836 875132224    0    0     0     0 78068 9833 22  1 77  0  0
 3  0 147560 99148112  26836 875132224    0    0     0    16 46627 12106 15  0 84  0  0
 3  0 147560 99148656  26836 875132224    0    0     0     0 46194 12518 15  0 85  0  0
procs -----------memory---------- ---swap-- -----io---- -system-- ------cpu-----
 r  b   swpd   free   buff  cache   si   so    bi    bo   in   cs us sy id wa st
 3  0 147560 99149048  26836 875132288    0    0     0   241 78805 13691 21  1 78  0  0
 3  0 147560 99147840  26836 875132288    0    0     0   483 47541 13999 15  0 85  0  0
130  0 147560 99148184  26836 875132288    0    0     0     0 51522 13793 17  0 83  0  0
131  0 147560 99150264  26836 875132288    0    0     0  3277 88402 10005 21  1 78  0  0
 3  0 147560 99148560  26836 875132288    0    0     0    46 54890 14969 18  0 82  0  0
 3  0 147560 99149584  26836 875132288    0    0     0    95 54965 13787 18  0 82  0  0
130  0 147560 99151776  26836 875132288    0    0     0     0 66271 10484 20  1 79  0  0
 4  0 147560 99148224  26836 875132288    0    0     0     0 73009 12793 17  0 83  0  0
 3  0 147560 99148680  26836 875132288    0    0     0     0 65838 12785 15  0 84  0  0
 4  0 147560 99150048  26836 875132288    0    0     0     0 78314 9824 20  1 79  0  0
 3  0 147560 99149520  26836 875132288    0    0     0   224 56620 15379 18  0 82  0  0
 3  0 147560 99149664  26836 875132288    0    0     0     0 51216 13887 17  0 83  0  0
 8  0 147560 99325136  26836 875132288    0    0     0     0 80765 13950 22  1 77  0  0
 8  0 147560 100159352  26836 875132288    0    0     0     0 83546 21839 16  0 83  0  0
133  0 147560 99809136  26836 875132288    0    0     0     0 88598 17699 23  1 76  0  0
 4  0 147560 100134400  26836 875132352    0    0     0  1982 79533 33724 20  1 79  0  0
 4  0 147560 100124976  26836 875132160    0    0     0  2883 52704 23509 15  1 84  0  0
130  0 147560 99479872  26836 875132160    0    0     0     0 82853 24286 24  1 75  0  0
 5  0 147560 100132688  26836 875132160    0    0     0     0 55417 22280 15  1 84  0  0
 4  0 147560 100131040  26836 875132160    0    0     0     0 58042 25586 17  1 83  0  0
130  0 147560 99806416  26836 875132160    0    0     0     0 72743 18759 19  1 80  0  0
procs -----------memory---------- ---swap-- -----io---- -system-- ------cpu-----
 r  b   swpd   free   buff  cache   si   so    bi    bo   in   cs us sy id wa st
131  0 147560 100129224  26836 875132160    0    0     0    77 63921 12382 20  1 80  0  0
 4  0 147560 100129448  26836 875132160    0    0     0  1980 57785 16576 19  0 81  0  0
 3  0 147560 100132120  26836 875132224    0    0     0   140 80137 9827 23  1 77  0  0
 4  0 147560 100140416  26836 875132224    0    0     0     0 44194 11907 14  0 86  0  0
 3  0 147560 100151744  26836 875132224    0    0     0    12 63490 18622 20  0 80  0  0
131  0 147560 100152520  26836 875132160    0    0     0     0 78335 9675 20  1 79  0  0
 3  0 147560 100152784  26836 875132160    0    0     0   128 43871 11813 14  0 85  0  0
 3  0 147560 100153072  26836 875132160    0    0     0     0 48685 13794 16  0 84  0  0
 4  0 147560 100155440  26836 875132160    0    0     0     0 64115 10041 22  1 77  0  0
130  0 147560 100149296  26836 875132224    0    0     0   656 43491 12928 13  0 86  0  0
130  0 147560 100149480  26836 875132224    0    0     0   372 39031 11957 11  0 88  0  0
131  0 147560 100150080  26836 875132224    0    0     0   147 42990 12181 14  0 86  0  0
 3  0 147560 100152368  26836 875132224    0    0     0   382 60410 10453 20  1 79  0  0
 3  0 147560 100151392  26836 875132224    0    0     0    18 54012 11309 17  1 82  0  0
 4  0 147560 100151600  26836 875132224    0    0     0     0 41981 11276 13  0 86  0  0
 3  0 147560 100151552  26836 875132224    0    0     0     0 47143 13690 15  0 85  0  0
131  0 147560 100153728  26836 875132224    0    0     0     0 59113 9553 20  1 79  0  0
130  0 147560 100151552  26836 875132224    0    0     0    82 59251 15791 19  0 81  0  0
131  0 147560 99920240  26836 875132224    0    0     0    47 66152 13157 21  0 79  0  0
 4  0 147560 100002752  26836 875132224    0    0     0    13 68232 15833 22  1 78  0  0
132  0 147560 99917616  26836 875132224    0    0     0     0 62436 18882 20  0 80  0  0
procs -----------memory---------- ---swap-- -----io---- -system-- ------cpu-----
 r  b   swpd   free   buff  cache   si   so    bi    bo   in   cs us sy id wa st
135  0 147560 99747760  26836 875132224    0    0     0     0 62375 12846 21  1 78  0  0
 4  0 147560 99605688  26836 875132224    0    0     0     0 60287 17613 19  0 80  0  0
 6  0 147560 99569072  26836 875132224    0    0     0   326 50052 14335 16  0 83  0  0
 6  0 147560 99521448  26836 875132224    0    0     0     0 69502 16504 23  1 76  0  0
 4  0 147560 99425608  26836 875132288    0    0     0     0 46401 17126 14  0 85  0  0
 4  0 147560 99324032  26836 875132288    0    0     0     0 48148 16809 15  0 85  0  0
 3  0 147560 99227504  26836 875132288    0    0     0     0 65206 12688 22  1 77  0  0
 3  0 147560 99227616  26836 875132288    0    0     0  1618 55108 14927 18  0 82  0  0
130  0 147560 99227648  26836 875132288    0    0     0   208 112892 14900 18  0 82  0  0
131  0 147560 99229848  26836 875132288    0    0     0     0 96674 10553 24  1 75  0  0
 3  0 147560 99227256  26836 875132288    0    0     0     0 67327 13676 16  0 84  0  0
130  0 147560 99201632  26836 875132288    0    0     0     0 47485 12102 16  0 84  0  0
 4  0 147560 99210752  26836 875132288    0    0     0  1960 65565 10039 22  1 77  0  0
131  0 147560 99243872  26836 875132288    0    0     0    12 47579 11968 15  0 84  0  0
 4  0 147560 99243960  26836 875132288    0    0     0     0 47344 13202 15  0 84  0  0
 3  0 147560 99244896  26836 875132288    0    0     0   159 64932 10480 22  1 77  0  0
 3  0 147560 99242064  26836 875132288    0    0     0     3 62155 16202 20  0 79  0  0
 3  0 147560 99243200  26836 875132288    0    0     0    96 47431 12876 16  0 84  0  0
 4  0 147560 99242816  26836 875132288    0    0     0    77 64431 10961 22  1 77  0  0
 4  0 147560 99241672  26836 875132288    0    0     0   427 54010 16101 17  0 83  0  0
 3  0 147560 99240672  26836 875132288    0    0     0     3 45011 11685 14  0 85  0  0
procs -----------memory---------- ---swap-- -----io---- -system-- ------cpu-----
 r  b   swpd   free   buff  cache   si   so    bi    bo   in   cs us sy id wa st
 3  0 147560 99238528  26836 875132288    0    0     0    25 54688 8944 19  1 81  0  0
 3  0 147560 99237488  26836 875132352    0    0     0  3301 55014 14884 18  0 82  0  0
130  0 147560 98660072  26836 875132352    0    0     0   273 67717 11990 23  1 76  0  0
 4  0 147560 99239480  26836 875132352    0    0     0     0 40192 10570 13  0 87  0  0
 3  0 147560 99237824  26836 875132352    0    0     0     0 42603 11907 14  0 86  0  0
130  0 147560 99236616  26836 875132352    0    0     0     0 40488 11908 13  0 87  0  0
 3  0 147560 99238856  26836 875132352    0    0     0     0 60852 11357 21  1 79  0  0
 3  0 147560 99236336  26836 875132352    0    0     0   176 42521 11010 14  0 86  0  0
 4  0 147560 99234216  26836 875132352    0    0     0   206 40704 12577 13  0 87  0  0
 9  0 147560 99234784  26836 875132352    0    0     0     0 63477 11935 21  1 78  0  0
130  0 147560 99732120  26836 875132352    0    0     0     0 53057 15207 15  0 84  0  0
 5  0 147560 99777440  26836 875132352    0    0     0   162 44742 10245 15  1 85  0  0
131  0 147560 99723944  26836 875132416    0    0     0   395 68064 36528 15  1 84  0  0
 5  0 147560 99723568  26836 875132416    0    0     0    18 43675 23342 12  1 87  0  0
132  0 147560 99346464  26836 875132416    0    0     0     0 709814 18950 28  1 70  0  0
 4  0 147560 99754816  26836 875132416    0    0     0     0 425985 20295 21  1 78  0  0
 5  0 147560 99755928  26836 875132416    0    0     0     0 47387 25226 13  1 86  0  0
 3  0 147560 99750984  26836 875132416    0    0     0  1820 48937 21975 14  1 86  0  0
130  0 147560 100139024  26836 875132416    0    0     0  3482 660439 16150 24  1 75  0  0
 3  0 147560 100139760  26836 875132480    0    0     0     0 473096 7941 27  1 72  0  0
 4  0 147560 100139776  26836 875132480    0    0     0     0 405683 8836 21  1 78  0  0
procs -----------memory---------- ---swap-- -----io---- -system-- ------cpu-----
 r  b   swpd   free   buff  cache   si   so    bi    bo   in   cs us sy id wa st
 3  0 147560 101895376  26836 875132480    0    0     0     0 38393 4070  1  0 99  0  0
 4  0 147560 112473344  26836 875132480    0    0     0     7 42365 5069  1  1 99  0  0
