procs -----------memory---------- ---swap-- -----io---- -system-- ------cpu-----
 r  b   swpd   free   buff  cache   si   so    bi    bo   in   cs us sy id wa st
 5  0 147304 110881480  27184 877857216    4    6    10    67    0    0  3  0 96  0  0
 3  0 147304 110603256  27184 877857216    0    0     0    17 29235 6161  4  0 96  0  0
 4  0 147304 110525584  27184 877857216    0    0     0   270 23983 5807  4  0 96  0  0
 3  0 147304 110498192  27184 877857280    0    0     0     3 5175 3397  1  0 99  0  0
 3  0 147304 110344136  27184 877857280    0    0     0    46 5415 3519  1  0 99  0  0
 3  0 147304 109418920  27184 877857280    0    0     0  2110 7667 3719  1  0 99  0  0
 8  0 147304 107862288  27184 877857280    0    0     0    74 7366 4378  1  0 99  0  0
 3  0 147304 106823512  27184 877857280    0    0     0     3 13550 8059  1  0 98  0  0
 4  0 147304 105280600  27184 877857280    0    0     0    18 6170 2937  1  0 99  0  0
 3  0 147304 104359968  27184 877857280    0    0     0     0 7163 3687  1  0 99  0  0
 4  0 147304 102753840  27184 877857280    0    0     0     0 8663 4278  1  0 99  0  0
 3  0 147304 101160112  27184 877857280    0    0     0   112 9312 4107  1  0 99  0  0
 3  0 147304 99683136  27184 877857280    0    0     0    14 5974 4269  1  0 99  0  0
 4  0 147304 99483536  27184 877857280    0    0     0     0 4703 2581  1  0 99  0  0
 4  0 147304 98531312  27184 877857280    0    0     0     0 31589 7481  1  0 99  0  0
 3  0 147304 97008000  27184 877857280    0    0     0   148 12957 4075  1  0 99  0  0
 4  0 147304 95403040  27184 877857280    0    0     0    98 4675 2455  1  0 99  0  0
 4  0 147304 94317800  27184 877857280    0    0     0   297 32640 25007  1  1 98  0  0
 3  0 147304 92893136  27184 877857344    0    0     0     0 13867 16580  1  1 98  0  0
 5  0 147304 91281640  27184 877857344    0    0     0   268 12733 11436  1  1 98  0  0
 4  0 147304 89663360  27184 877857344    0    0     0     0 14082 14254  1  1 98  0  0
procs -----------memory---------- ---swap-- -----io---- -system-- ------cpu-----
 r  b   swpd   free   buff  cache   si   so    bi    bo   in   cs us sy id wa st
 5  0 147304 88695488  27184 877857344    0    0     0     0 14107 16747  1  1 98  0  0
 3  0 147304 88306688  27184 877856896    0    0     0  3249 8090 6972  1  0 99  0  0
 4  0 147304 86716720  27184 877856896    0    0     0    78 6180 2796  1  0 99  0  0
 4  0 147304 85120928  27184 877856832    0    0     0     3 6905 2675  1  0 99  0  0
 3  0 147304 83524240  27184 877856832    0    0     0   838 7195 3230  1  0 99  0  0
 3  0 147304 82476208  27184 877856832    0    0     0     0 6388 3246  1  0 99  0  0
 3  0 147304 80871680  27184 877856832    0    0     0   514 9865 5707  1  0 99  0  0
 3  0 147304 79264304  27184 877856832    0    0     0   683 6752 2833  1  0 99  0  0
 5  0 151912 77774280  27168 877756032   20 4656    20  8278 6709 2827  1  1 99  0  0
 3  0 151400 77715712  27140 877501120  488   36   488   413 7806 3924  1  0 99  0  0
130  0 151656 78104704  27064 876936832  212   68   212    81 16078 5633  3  1 96  0  0
131  0 151656 77698544  27048 876832256   28   64    28    70 75979 20172 25  1 75  0  0
130  0 151656 77765744  27020 876519296  104   12   104  2043 129044 15545 18  1 81  0  0
 4  0 151656 78179120  26940 876003840   12   20    12   188 511102 3826 20  2 78  0  0
 3  0 151656 78139968  26940 876002112    0    0     4     0 62418 16131 20  0 79  0  0
 3  0 151400 77785408  26940 876002048   40    0    44     0 59289 15269 20  0 80  0  0
 5  0 151912 78023064  26836 875476608    0  464     0   470 759894 5244 28  2 69  0  0
131  0 151912 78491112  26836 875021248    0  120     8   270 65536 16484 21  1 78  0  0
130  0 151912 78534288  26836 874983488    0    0     8    18 409790 16578 27  1 72  0  0
 9  0 151912 78494264  26836 874983488    0    0     4     0 729418 8577 33  2 65  0  0
131  0 151912 78490464  26836 874983488   32    0    44    91 81153 19974 27  1 73  0  0
procs -----------memory---------- ---swap-- -----io---- -system-- ------cpu-----
 r  b   swpd   free   buff  cache   si   so    bi    bo   in   cs us sy id wa st
131  0 151912 78342160  26836 874983488   40    0    40    13 1775113 11302 37  3 60  0  0
 4  0 151912 78243400  26836 874983488    0    0     8     0 245749 14766 26  1 73  0  0
 4  0 151912 78058904  26836 874983360    0    0     4   164 61944 18510 20  0 80  0  0
132  0 151912 77921296  26836 874983424    8    0    16     0 1435329 11751 37  2 61  0  0
 5  0 151912 77879416  26836 874983424    0    0     8   134 223827 10617 22  1 77  0  0
 8  0 151912 77809856  26836 874983424    4    0     8     0 56600 16247 17  0 82  0  0
132  0 151912 77687464  26836 874983424    0    0     0     0 305189 20015 23  1 76  0  0
131  0 151912 77455664  26836 874983424   44    0    48   138 1355949 10020 38  3 59  0  0
130  0 151912 77418800  26836 874983424   36    0    36    18 62657 16201 20  0 79  0  0
131  0 151912 77416056  26836 874983424    0    0     4     0 755069 13415 29  1 70  0  0
 3  0 151912 77527992  26836 874983424    0    0     0     0 1309760 6792 37  3 60  0  0
130  0 151912 77526304  26836 874983424   16    0    24     0 67012 18576 22  0 78  0  0
130  0 151912 77525328  26836 874983424    0    0     8     2 832733 17451 28  1 71  0  0
 3  0 151656 77504912  26836 874983424  516    0   524  1936 1198396 13583 38  3 60  0  0
 4  0 151656 77509792  26836 874983488    4    0     8     0 59459 17260 19  0 81  0  0
131  0 148840 77510464  26836 874983488   40    0    40   126 697944 13760 28  1 71  0  0
131  0 148840 77510320  26836 874983488    0    0     0     0 1348198 6203 36  3 61  0  0
130  0 148840 77510632  26836 874983488    0    0     8    11 62571 17487 20  0 80  0  0
130  0 148584 77508040  26836 874983552  136    0   148  2015 865529 15028 32  1 67  0  0
 3  0 148584 77507968  26836 874983552    0    0    12    18 1291573 8055 34  3 63  0  0
131  0 148584 77507968  26836 874983552    0    0     4    14 75434 20390 25  0 75  0  0
procs -----------memory---------- ---swap-- -----io---- -system-- ------cpu-----
 r  b   swpd   free   buff  cache   si   so    bi    bo   in   cs us sy id wa st
130  0 148584 77507992  26836 874983552    0    0     8     0 1071303 18890 30  2 69  0  0
 3  0 148584 77509760  26836 874983552    0    0     0     0 1310446 15270 36  3 61  0  0
 5  0 148584 77516464  26836 874983552    0    0     8   170 62622 16367 20  0 79  0  0
131  0 148584 77510864  26836 874983552    0    0    12   153 812114 23602 28  1 70  0  0
130  0 148584 77336312  26836 874983552    0    0     0     3 2545486 14019 44  5 51  0  0
131  0 148584 78055856  26836 874983552    0    0     4     0 455257 12124 19  1 80  0  0
 3  0 148584 78054768  26836 874983616    0    0    12     0 457657 16617 21  1 78  0  0
130  0 148584 78054656  26836 874983616    0    0     0     0 670060 16936 23  1 76  0  0
130  0 148584 77325728  26836 874983616    0    0     0   112 2478936 10725 46  4 50  0  0
 3  0 148584 78015920  26836 874983616    8    0    20   138 140188 14873 19  1 80  0  0
 3  0 148584 78016392  26836 874983616    0    0     4     0 63065 16142 21  0 79  0  0
130  0 148584 78391816  26836 874983616    0    0     8     0 1895048 20256 36  3 61  0  0
130  0 148584 78439592  26836 874983680    0    0     4     0 501378 14672 29  2 69  0  0
131  0 148584 78412176  26836 874984704   60    0  2280   186 107038 38521 25  1 74  0  0
131  0 148328 77732400  26836 874985920   12    0    20  1846 1977262 22769 42  4 54  0  0
 3  0 148328 78469584  26836 874985920    4    0     4     3 75256 26729 20  1 79  0  0
 6  0 148328 78465088  26836 874985920    4    0     8    11 69334 27712 21  1 79  0  0
130  0 148072 78077616  26836 874985856    0    0     0     0 1975930 19846 40  3 57  0  0
130  0 148072 78425504  26836 874985856    0    0     0     0 80129 13047 21  1 78  0  0
 3  0 148072 78425392  26836 874985856    0    0     8   102 74785 17863 21  0 79  0  0
130  0 148072 78157680  26836 874985856    0    0     0    96 1922342 6920 39  3 59  0  0
procs -----------memory---------- ---swap-- -----io---- -system-- ------cpu-----
 r  b   swpd   free   buff  cache   si   so    bi    bo   in   cs us sy id wa st
133  0 148072 78435784  26836 874985920    0    0     8   269 68011 14943 22  1 77  0  0
95  0 148072 78438144  26836 874985920    0    0     0   515 61980 16626 20  0 80  0  0
130  0 148072 78448592  26836 874985920    0    0     0     0 1616012 16784 35  2 62  0  0
130  0 148072 78435152  26836 874985920    0    0     0   646 420600 10535 26  2 73  0  0
 3  0 148072 78435248  26836 874985920    0    0     4  1984 67597 17998 22  0 78  0  0
130  0 148072 78430432  26836 874985920    0    0     4     0 1170281 13093 29  2 69  0  0
131  0 148072 77985600  26836 874985920    0    0     0   634 2664987 11346 45  5 51  0  0
 3  0 148072 78426992  26836 874985920    0    0     0     0 1516005 11265 29  3 68  0  0
130  0 148072 78427696  26836 874985920    0    0     0     0 294594 16082 18  1 81  0  0
130  0 148072 78427808  26836 874985920    0    0     4  1486 1192670 11930 31  2 67  0  0
 3  0 148072 78426968  26836 874985920    0    0     0    18 666419 9448 26  2 72  0  0
 4  0 148072 78427376  26836 874985920    0    0     0     0 47587 12171 15  0 85  0  0
130  0 148072 78426528  26836 874985984    0    0     0   207 57878 15794 18  0 81  0  0
130  0 148072 78007496  26836 874985984    0    0     0     3 2272602 23056 43  4 54  0  0
 4  0 148072 78439392  26836 874985984    0    0     0     0 67417 12600 19  1 80  0  0
 3  0 148072 78440176  26836 874985984    0    0     0   168 58966 15063 19  0 81  0  0
130  0 148072 78428928  26836 874985984    0    0     0     0 1088294 16598 27  2 72  0  0
 3  0 148072 78369520  26836 874985984    0    0     0    85 1294314 18678 35  3 62  0  0
133  0 148072 78202080  26836 874985984    0    0     0    13 61599 18846 19  0 80  0  0
135  0 148072 78094728  26836 874985984    0    0     0     0 304233 20923 23  1 77  0  0
 4  0 148072 77401408  26836 874985984    0    0     0   263 2236033 21466 43  4 53  0  0
procs -----------memory---------- ---swap-- -----io---- -system-- ------cpu-----
 r  b   swpd   free   buff  cache   si   so    bi    bo   in   cs us sy id wa st
 4  0 148072 77794976  26836 874985984    0    0     0     3 49827 15214 15  0 84  0  0
136  0 148072 77760000  26836 874985984    0    0     0     0 49669 17920 15  0 85  0  0
 4  0 148072 77673760  26836 874985984    0    0     0     0 46652 17974 14  0 85  0  0
131  0 148072 77241456  26836 874985984    0    0     0     0 2366751 30806 43  4 53  0  0
132  0 148072 77308856  26836 874985984    0    0     0   171 408239 18965 24  1 74  0  0
 3  0 148072 77347632  26836 874985984    0    0     0     0 388521 18337 25  1 74  0  0
 3  0 148072 77348880  26836 874985984    0    0     0     0 79795 14515 18  0 81  0  0
130  0 148072 76630160  26836 874985984    0    0     0     0 1584657 9343 37  3 60  0  0
74  0 148072 77447040  26836 874986048    0    0     0   154 265288 12785 20  0 79  0  0
79  0 148072 77446592  26836 874986048    0    0     0  3840 95422 19810 24  0 75  0  0
 3  0 148072 76923128  26836 874986048    0    0     0   456 1669383 6994 39  3 58  0  0
131  0 148072 77451656  26836 874986048    0    0     0     0 744421 12597 14  1 85  0  0
 5  0 148072 77449976  26836 874986048    0    0     0  3090 792585 14929 18  1 81  0  0
 3  0 148072 77449512  26836 874986048    0    0     0     0 372702 15202 18  1 82  0  0
130  0 148072 77078456  26836 874986048    0    0     0    17 1832718 8326 36  3 61  0  0
 3  0 148072 77406984  26836 874986048    4    0     4   111 138219 14717 24  1 75  0  0
130  0 148072 77407424  26836 874986048    0    0     0     0 99425 16560 23  0 77  0  0
 4  0 148072 77407992  26836 874986048    0    0     0    21 1127669 9330 35  2 62  0  0
130  0 148072 77396592  26836 874986048    0    0     0     0 71527 17947 22  0 77  0  0
132  0 148072 76821248  26836 874986048    0    0     0     0 1149053 11585 35  2 63  0  0
 3  0 148072 77397112  26836 874986048    0    0     0  1559 72899 19699 23  1 76  0  0
procs -----------memory---------- ---swap-- -----io---- -system-- ------cpu-----
 r  b   swpd   free   buff  cache   si   so    bi    bo   in   cs us sy id wa st
 4  0 148072 77397264  26836 874986048    0    0     0    58 61236 16195 20  0 80  0  0
131  0 148072 77396272  26836 874986048    0    0     0   153 1312796 7091 35  3 62  0  0
 3  0 148072 77397280  26836 874986048    0    0     0     0 74066 18723 24  0 75  0  0
131  0 148072 77398008  26836 874986048    0    0     0     0 524040 14365 24  1 75  0  0
 5  0 148072 77398704  26836 874986048    0    0     0   184 724812 9960 30  2 68  0  0
 4  0 148072 77398144  26836 874986048    0    0     0     0 64969 15641 21  0 78  0  0
130  0 148072 77393920  26836 874986048    0    0     0   210 1195882 11503 28  2 70  0  0
 3  0 148072 77391000  26836 874986048    0    0     4     0 135406 14456 25  1 74  0  0
 8  0 148072 77754944  26836 874986112    0    0     0     0 96355 25257 22  1 78  0  0
131  0 148072 78159576  26836 874986112    0    0     0   205 2009906 15973 40  3 57  0  0
12  0 148072 77785296  26836 874986176   12    0   580   154 2106125 19736 43  4 52  0  0
 4  0 147816 78346976  26836 874986688   16    0    24   139 225983 31196 17  1 82  0  0
 4  0 147816 78342528  26836 874986688    0    0     0     0 223504 30898 23  1 76  0  0
 3  0 147816 78341888  26836 874986688    0    0     0    21 226230 24549 26  2 72  0  0
 3  0 147816 78342304  26836 874986688    0    0     4     3 59795 24961 14  1 85  0  0
 3  0 147816 78342896  26836 874986752    0    0     4    96 72762 28019 19  1 81  0  0
 3  0 147816 78323600  26836 874986752    0    0     0  1866 121135 12935 26  1 73  0  0
131  0 147816 78322288  26836 874986752    0    0     4    83 77014 17646 24  0 76  0  0
 3  0 147816 78382672  26836 874986752    0    0     0     0 76558 9890 20  1 78  0  0
 3  0 147816 78393424  26836 874986752    0    0     0   600 67817 15653 20  0 79  0  0
130  0 147816 78200648  26836 874986752    0    0     0  2043 70824 14474 21  1 78  0  0
procs -----------memory---------- ---swap-- -----io---- -system-- ------cpu-----
 r  b   swpd   free   buff  cache   si   so    bi    bo   in   cs us sy id wa st
 3  0 147816 78390752  26836 874986752    0    0     0  1021 102496 11904 18  1 81  0  0
130  0 147816 78390088  26836 874986752    0    0     0    21 61559 15758 19  0 81  0  0
 3  0 147816 78370656  26836 874986752    0    0     0     0 104935 13654 26  1 73  0  0
 3  0 147816 78367568  26836 874986752    0    0     0     0 66100 16815 20  0 80  0  0
 3  0 147816 78369472  26836 874986752    0    0     0    82 59475 16004 18  0 81  0  0
 3  0 147816 78371296  26836 874986752    0    0     0    18 73673 10337 21  1 78  0  0
 4  0 147816 78371528  26836 874986752    0    0     0     2 75682 20133 23  0 76  0  0
 3  0 147816 78365008  26836 874986752    0    0     0     0 118478 12998 26  1 73  0  0
130  0 147816 78364192  26836 874986752    0    0     0     0 586751 14636 17  1 81  0  0
130  0 147816 78364728  26836 874986752    0    0     0     0 596521 15679 19  1 80  0  0
130  0 147816 78363872  26836 874986752    0    0     0   104 1412867 15125 31  2 67  0  0
130  0 147816 78362464  26836 874986752    0    0     0   170 1581047 11844 37  3 60  0  0
 4  0 147816 78362480  26836 874986752    0    0     0     0 94868 18738 23  0 77  0  0
 3  0 147816 77840128  26836 874986816    0    0     0     0 232697 12207 28  1 71  0  0
137  0 147816 78363072  26836 874986816    0    0     0   103 65800 17946 19  0 81  0  0
 4  0 147816 78188464  26836 874986624    0    0     0  1555 68258 20896 20  1 79  0  0
10  0 147816 78094624  26836 874986624    4    0     4    18 116959 15759 26  1 72  0  0
131  0 147816 77928288  26836 874986624    0    0     0     0 86079 21807 25  1 74  0  0
132  0 147816 77800368  26836 874986624    0    0     0   139 74769 13255 22  1 77  0  0
 9  0 147816 77763072  26836 874986624    0    0     0     3 58962 17630 19  0 81  0  0
 8  0 147816 77665912  26836 874986624    0    0     0     0 85489 17467 27  1 71  0  0
procs -----------memory---------- ---swap-- -----io---- -system-- ------cpu-----
 r  b   swpd   free   buff  cache   si   so    bi    bo   in   cs us sy id wa st
 8  0 147816 77568992  26836 874986624    0    0     0   124 51633 18142 16  0 84  0  0
 5  0 147816 77399656  26836 874986624    4    0     4     9 62942 19869 20  0 80  0  0
131  0 147816 77311592  26836 874986624    0    0     0     3 77278 11358 22  1 77  0  0
 3  0 147816 77308632  26836 874986624    0    0     0     0 54136 15240 17  0 82  0  0
130  0 147816 77309168  26836 874986624    0    0     0     0 47757 13210 15  0 85  0  0
 3  0 147816 77266376  26836 874986624    0    0     0   106 62862 10831 20  1 79  0  0
 3  0 147816 77262080  26836 874986624    0    0     0   157 52824 13970 16  0 84  0  0
 3  0 147816 77263936  26836 874986624    0    0     0   484 45602 11468 15  0 85  0  0
 3  0 147816 77105584  26836 874986688    0    0     0     3 70637 12855 23  1 76  0  0
130  0 147816 77396608  26836 874998272    4    0     4    10 53349 12802 17  0 82  0  0
130  0 147816 77396832  26836 874998336    0    0     0  3112 75139 21247 24  0 76  0  0
130  0 147816 77395232  26836 874998336    0    0     0 13680 573809 14735 25  1 74  0  0
 3  0 147816 77375088  26836 874998336    0    0     0   128 138171 11526 22  1 77  0  0
 3  0 147816 77375312  26836 874998336    0    0     0     0 70989 17718 23  0 77  0  0
 3  0 147816 77375592  26836 874998336    0    0     0    20 549111 9980 27  2 71  0  0
 3  0 147816 77375728  26836 874998336    0    0     0     0 65936 18088 21  0 79  0  0
130  0 147816 77375904  26836 874998336    0    0     0    84 125998 18250 22  0 77  0  0
 3  0 147816 77368688  26836 874998336    0    0     0     0 456952 11063 28  2 71  0  0
 3  0 147816 77897696  26836 874998336    0    0     0    52 69709 19919 21  0 79  0  0
130  0 147816 77396448  26836 874998336    0    0     0     0 740084 13737 29  2 69  0  0
131  0 147816 77911792  26836 874998336    0    0     0     0 757089 11660 23  2 75  0  0
procs -----------memory---------- ---swap-- -----io---- -system-- ------cpu-----
 r  b   swpd   free   buff  cache   si   so    bi    bo   in   cs us sy id wa st
130  0 147816 77911704  26836 874998336    0    0     0     0 437907 17120 20  1 79  0  0
 3  0 147816 77911312  26836 874998336    0    0     0   196 293821 15859 18  1 82  0  0
130  0 147816 77908736  26836 874998336    0    0     0     0 1347414 5634 37  2 60  0  0
 5  0 147816 77907952  26836 874998336    0    0     0   140 82413 18083 22  0 78  0  0
 3  0 147816 77908224  26836 874998336    0    0     0     0 59838 14791 17  0 82  0  0
 3  0 147816 78284544  26836 874998336    0    0     0     0 948113 16961 33  2 64  0  0
130  0 147816 78350096  26836 874998336    0    0     0  1504 81479 19180 22  0 78  0  0
132  0 147816 78318304  26836 874998336    0    0     0   139 556380 29688 26  1 73  0  0
 4  0 147816 78325792  26836 874998400    0    0     0   130 376547 25367 27  2 71  0  0
130  0 147816 78323744  26836 874998400    0    0     0     0 77096 28646 22  1 77  0  0
 3  0 147816 77798608  26836 874998400    0    0     0     0 951688 23673 35  2 62  0  0
 4  0 147816 78320768  26836 874998400    0    0     0  1864 70683 29271 21  1 79  0  0
130  0 147816 78323312  26836 874998400    0    0     0     0 300591 25623 26  1 74  0  0
130  0 147816 78324696  26836 874998400    0    0     0     0 686446 9953 28  2 70  0  0
130  0 147816 78335696  26836 874998400    0    0     0    81 61069 15414 19  0 80  0  0
130  0 147816 77607728  26836 874998400    0    0     0     0 925633 11170 36  2 62  0  0
130  0 147816 78331960  26836 874998400    0    0     0  3802 69299 11982 15  0 84  0  0
13  0 147816 78342896  26836 874998400    0    0     0   592 71448 19585 22  0 77  0  0
130  0 147816 78343456  26836 874998464    0    0     0    10 963210 11580 33  2 65  0  0
 3  0 147816 78343656  26836 874998464    0    0     0   428 67926 17638 22  0 77  0  0
130  0 147816 78345616  26836 874998464    0    0     0     0 250643 12846 20  1 79  0  0
procs -----------memory---------- ---swap-- -----io---- -system-- ------cpu-----
 r  b   swpd   free   buff  cache   si   so    bi    bo   in   cs us sy id wa st
 6  0 147816 78337664  26836 874998464    0    0    16    14 734633 12749 30  2 68  0  0
131  0 147816 78314472  26836 874998592    0    0   116   787 67093 18253 21  0 78  0  0
131  0 147816 78033960  26836 874998592    0    0     0     3 892667 10455 28  1 70  0  0
 4  0 147816 78311784  26836 874998784    0    0   152     0 90483 13128 23  1 76  0  0
130  0 147816 78333640  26836 874998784    8    0     8     0 62314 16658 20  0 80  0  0
 5  0 147816 78304256  26836 874998784    0    0     0     0 822922 9183 31  2 67  0  0
 4  0 147816 78302864  26836 874998784    0    0     0    80 60461 15516 20  0 80  0  0
131  0 147816 78303168  26836 874998784    0    0     0   210 539561 15038 28  1 71  0  0
 3  0 147816 78330048  26836 874998784    0    0     4     7 539839 12413 29  2 70  0  0
130  0 147816 78332976  26836 874998784    0    0     0     3 64726 19264 21  0 79  0  0
130  0 147816 77764512  26836 874998784    0    0     0     0 921935 10996 31  2 67  0  0
 8  0 147816 78322768  26836 874998784    0    0     0   299 87490 14236 21  1 78  0  0
 8  0 147816 78149296  26836 874998784    0    0     0    12 67237 21540 21  1 79  0  0
131  0 147816 77832656  26836 874998784    0    0     0     0 1306676 12391 33  2 65  0  0
 6  0 147816 77865472  26836 874998784    0    0     0   229 2269366 18246 38  6 57  0  0
 6  0 147816 77744992  26836 874998784    0    0     0     3 285243 18841 21  1 78  0  0
132  0 147816 77717808  26836 874998848    0    0     0  1516 253745 20927 21  1 78  0  0
 4  0 147816 77639384  26836 874998848    0    0     0     0 1236366 12334 39  2 59  0  0
132  0 147816 77485056  26836 874998848    0    0     0     0 74746 19758 23  0 77  0  0
130  0 147816 77329216  26836 874998848    4    0     4   175 360946 20795 25  1 74  0  0
131  0 147816 77329552  26836 874998848    0    0     0    21 467700 10957 28  2 70  0  0
procs -----------memory---------- ---swap-- -----io---- -system-- ------cpu-----
 r  b   swpd   free   buff  cache   si   so    bi    bo   in   cs us sy id wa st
 3  0 147816 77329440  26836 874998848    0    0     0     0 63312 15008 21  0 79  0  0
 3  0 147816 77330528  26836 874998848    0    0     0   120 679050 9165 28  2 70  0  0
131  0 147816 77329744  26836 874998848    0    0     0     0 56381 13532 19  0 81  0  0
130  0 147816 77330080  26836 874998848    0    0     0     0 364738 13035 22  1 78  0  0
 3  0 147816 77369744  26836 874998848    4    0     4    19 605664 7758 28  2 70  0  0
130  0 147816 77374696  26836 874998848    0    0     0   333 51496 12736 16  0 84  0  0
130  0 147816 77376528  26836 874998848    0    0     0  2030 49677 12882 16  0 84  0  0
130  0 147816 77270032  26836 874998848    0    0     0  3176 920748 7265 31  2 67  0  0
 3  0 147816 77267440  26836 874998848    0    0     0     0 52849 13143 17  0 83  0  0
 3  0 147816 77264208  26836 874998848    0    0     0     0 45445 13156 14  0 85  0  0
 3  0 147816 77073920  26836 874998848    0    0     0     0 883572 8901 36  2 62  0  0
 3  0 147816 77261456  26836 874998848    0    0     0   113 49763 15298 16  0 84  0  0
 4  0 147816 77261160  26836 874998912    0    0     0    92 45957 12286 15  0 85  0  0
131  0 147816 77261280  26836 874998912    0    0     0     0 626293 10719 24  1 75  0  0
 3  0 147816 77233408  26836 874998912    0    0     0     0 355089 10062 27  2 71  0  0
 3  0 147816 77746368  26836 875010496    0    0     0    56 302680 20365 28  1 71  0  0
131  0 147816 77762072  26836 875010560    0    0     0   154 313368 16100 29  1 71  0  0
 3  0 147816 77759136  26836 875010560    0    0     0 11820 346905 8518 27  2 71  0  0
 3  0 147816 77751680  26836 875010560    0    0     0     0 61110 16140 20  0 80  0  0
 4  0 147816 77030280  26836 875010560    0    0     0    48 528095 12148 32  2 66  0  0
 3  0 147816 77885128  26836 875010560    0    0     0     0 43831 11556 14  0 86  0  0
procs -----------memory---------- ---swap-- -----io---- -system-- ------cpu-----
 r  b   swpd   free   buff  cache   si   so    bi    bo   in   cs us sy id wa st
 3  0 147816 77885128  26836 875010560    0    0     0    12 65785 15388 22  0 78  0  0
 3  0 147816 77865808  26836 875010560    0    0     0   148 485197 7798 27  2 71  0  0
 8  0 147816 78252272  26836 875010560    0    0     0     0 100790 23692 23  0 76  0  0
130  0 147816 77805008  26836 875010560    0    0     0   139 457156 13668 30  1 69  0  0
 5  0 147816 78262624  26836 875010624    0    0     0   230 98996 28152 23  1 76  0  0
131  0 147816 78271280  26836 875010624    0    0     0    55 90423 31642 23  1 76  0  0
11  0 147816 78271464  26836 875010624    0    0     0    62 528610 20299 32  2 66  0  0
131  0 147816 78268944  26836 875010624    0    0     0    51 287792 27791 18  1 81  0  0
130  0 147816 78261248  26836 875010624    0    0     0    65 336820 28045 18  1 81  0  0
132  0 147816 77758616  26836 875010624    0    0     0  1689 1893935 13543 39  4 58  0  0
 3  0 147816 78261088  26836 875010624    0    0     0     3 271155 12076 22  1 77  0  0
 3  0 147816 78261128  26836 875010624    0    0     0    68 67259 16641 19  0 81  0  0
130  0 147816 78263608  26836 875010624    0    0     0  3404 568915 11558 31  2 67  0  0
130  0 147816 78272768  26836 875010688    0    0     0    20 49046 14991 15  0 84  0  0
130  0 147816 78275712  26836 875010688    0    0     0   605 75129 19342 23  0 76  0  0
130  0 147816 78259648  26836 875010688    0    0     0    71 497829 8333 26  2 72  0  0
130  0 147816 78256144  26836 875010688    0    0     0  1014 72539 19605 23  0 76  0  0
130  0 147816 77963408  26836 875010688    0    0     0   128 462621 13878 26  1 73  0  0
52  0 147816 78260656  26836 875010688    0    0     0     0 86776 14412 24  1 75  0  0
 3  0 147816 78260736  26836 875010688    0    0     0     0 62203 16539 20  0 79  0  0
 4  0 147816 78326720  26836 875010688    0    0     0     0 482891 9909 30  2 68  0  0
procs -----------memory---------- ---swap-- -----io---- -system-- ------cpu-----
 r  b   swpd   free   buff  cache   si   so    bi    bo   in   cs us sy id wa st
131  0 147816 78325696  26836 875010688    0    0     0     0 51656 13971 17  0 83  0  0
130  0 147816 78025600  26836 875010688    0    0     0     2 444072 12521 25  1 74  0  0
 3  0 147816 78261856  26836 875010688    0    0     0   244 85412 13768 22  1 77  0  0
130  0 147816 78262240  26836 875010688    0    0     0     0 253353 18506 28  1 71  0  0
 3  0 147816 78322864  26836 875010688    0    0     0     0 833659 8010 31  2 67  0  0
 4  0 147816 78321576  26836 875010688    0    0     0     0 60966 14793 17  0 83  0  0
130  0 147816 78322416  26836 875010688    0    0     0     0 53998 13053 16  0 83  0  0
 3  0 147816 78250496  26836 875010688    0    0     0   126 1018148 6527 31  2 67  0  0
132  0 147816 78218432  26836 875010688    0    0     0   104 69572 19736 21  0 78  0  0
131  0 147816 78062984  26836 875010688    0    0     0    10 338619 18749 25  1 75  0  0
 4  0 147816 78001712  26836 875010688    0    0     0     0 925913 9457 32  2 65  0  0
131  0 147816 77845840  26836 875010688    0    0     0     0 490257 17783 18  1 81  0  0
135  0 147816 77732616  26836 875010688    0    0     0   132 692901 20517 23  1 75  0  0
132  0 147816 76986816  26836 875010496    0    0     0   164 2060345 11831 44  4 53  0  0
 5  0 147816 77600696  26836 875010496    0    0     0     0 388074 18494 25  1 75  0  0
 4  0 147816 77434056  26836 875010496    0    0     0     0 71157 20861 23  1 77  0  0
130  0 147816 77298320  26836 875010560    0    0     0     0 558939 15472 30  2 68  0  0
 3  0 147816 77297344  26836 875010560    0    0     0    14 73000 18767 23  0 76  0  0
 4  0 147816 77295760  26836 875010560    4    0     4  1992 490251 11045 29  2 69  0  0
130  0 147816 77295888  26836 875010560    0    0     0     0 71115 18484 23  0 77  0  0
130  0 147816 77297320  26836 875010560    0    0     0     0 316970 14322 23  1 77  0  0
procs -----------memory---------- ---swap-- -----io---- -system-- ------cpu-----
 r  b   swpd   free   buff  cache   si   so    bi    bo   in   cs us sy id wa st
130  0 147816 77273712  26836 875010560    0    0     0     0 303698 12105 25  1 73  0  0
130  0 147816 77274304  26836 875010560    0    0     0     0 61790 15862 20  0 80  0  0
 3  0 147816 77135264  26836 875010560    0    0     0   341 566321 9513 29  2 69  0  0
 3  0 147816 77281192  26836 875010560    0    0     0  1514 57033 15542 18  0 82  0  0
130  0 147816 76891216  26836 875010560    0    0     0  3124 440993 14052 26  1 73  0  0
131  0 147816 77275344  26836 875010560    0    0     0     0 77301 11620 15  1 84  0  0
 3  0 147816 77274224  26836 875010560    0    0     0     0 51818 14457 17  0 83  0  0
131  0 147816 76642088  26836 875010560    0    0     0    27 68354 13340 23  1 76  0  0
130  0 147816 77205584  26836 875010560    0    0     0   245 57310 12435 19  1 81  0  0
 4  0 147816 77205664  26836 875010560    0    0     0    18 48661 13478 16  0 84  0  0
130  0 147816 76873592  26836 875010560    0    0     0     0 54461 11825 18  1 82  0  0
 3  0 147816 77185696  26836 875010560    0    0     0     0 54720 10320 18  1 81  0  0
 5  0 147816 77185408  26836 875010560    0    0     0    51 48750 14043 15  0 84  0  0
131  0 147816 76608720  26836 875010560    0    0     0    11 69969 12507 23  1 76  0  0
 3  0 147816 77313304  26836 875010560    0    0     0    99 59017 12661 20  1 80  0  0
130  0 147816 77312576  26836 875010560    0    0     0     0 49874 13485 16  0 84  0  0
130  0 147816 76653632  26836 875010560    0    0     0     0 58662 11076 19  1 80  0  0
130  0 147816 77313648  26836 875010560    0    0     0     0 73548 14446 24  1 75  0  0
 3  0 147816 77313760  26836 875010560    0    0     0    12 61365 17479 20  0 80  0  0
130  0 147816 76817496  26836 875010560    0    0     0   204 96896 12888 22  1 77  0  0
 3  0 147816 78258056  26836 875010560    0    0     0     0 230897 22037 21  1 78  0  0
procs -----------memory---------- ---swap-- -----io---- -system-- ------cpu-----
 r  b   swpd   free   buff  cache   si   so    bi    bo   in   cs us sy id wa st
130  0 147816 78270184  26836 875010624    0    0     0   154 528521 17437 18  1 81  0  0
132  0 147816 77970760  26836 875010688    4    0     4   266 474250 33750 24  2 74  0  0
131  0 147816 78243360  26836 875010688    0    0     0     3 364832 26063 27  2 72  0  0
131  0 147816 78239848  26836 875010688    0    0     0     0 92573 25636 18  1 82  0  0
 3  0 147816 78114608  26836 875010688    0    0     0   120 141629 21286 23  2 75  0  0
 4  0 147816 78215696  26836 875010688    0    0     0    11 67098 28125 19  1 80  0  0
 3  0 147816 78217632  26836 875010688    0    0     0  1828 56425 21259 17  0 83  0  0
 4  0 147816 78218000  26836 875010688    0    0     0     3 95430 11965 24  1 75  0  0
130  0 147816 78218280  26836 875010688    0    0     0    85 65658 16505 21  0 79  0  0
 3  0 147816 78279704  26836 875010688    0    0     0  1962 95828 12122 26  1 73  0  0
 3  0 147816 78292416  26836 875010688    0    0     0    18 68233 17629 22  0 78  0  0
130  0 147816 78303920  26836 875010688    0    0     0   441 64402 17657 20  0 80  0  0
131  0 147816 78284336  26836 875010560    0    0     0   658 100341 13056 25  1 73  0  0
132  0 147816 78275344  26836 875010624    0    0     0   349 66496 16143 20  0 79  0  0
 3  0 147816 78234400  26836 875010624    0    0     0    18 91427 10323 23  1 76  0  0
 3  0 147816 78234944  26836 875010624    0    0     0  1500 71293 18736 23  1 77  0  0
130  0 147816 78197168  26836 875010624    0    0     0     0 69643 13512 18  0 81  0  0
 3  0 147816 78295744  26836 875010624    0    0     0    39 71534 10904 22  1 76  0  0
 4  0 147816 78296928  26836 875010624    0    0     0     3 67947 18266 21  0 78  0  0
 3  0 147816 78235552  26836 875010624    0    0     0     0 88447 8799 19  1 79  0  0
133  0 147816 78233792  26836 875010624    0    0     0   100 75802 18840 24  0 75  0  0
procs -----------memory---------- ---swap-- -----io---- -system-- ------cpu-----
 r  b   swpd   free   buff  cache   si   so    bi    bo   in   cs us sy id wa st
130  0 147816 78208624  26836 875010624    0    0     0     0 109314 14276 27  1 72  0  0
130  0 147816 78209664  26836 875010624    0    0     0     0 63832 15569 21  0 79  0  0
130  0 147816 77880992  26836 875010624    0    0     0     2 96585 16349 25  1 74  0  0
130  0 147816 78300120  26836 875010624    0    0     0     0 75533 12841 22  1 77  0  0
130  0 147816 78300128  26836 875010624    0    0     0   384 70535 17849 23  0 77  0  0
136  0 147816 78234688  26836 875010624    0    0     0   106 103304 12184 25  1 74  0  0
 4  0 147816 78102872  26836 875010688    0    0     0    10 66741 21013 21  0 78  0  0
 4  0 147816 77978448  26836 875010688    0    0     0     0 92064 13184 24  1 75  0  0
 4  0 147816 77823184  26836 875010688    0    0     0     0 74437 20044 24  1 76  0  0
131  0 147816 77712592  26836 875010688    0    0     0   100 337414 17790 21  1 78  0  0
 4  0 147816 77667792  26836 875010688    0    0     0     0 1125901 12486 34  3 62  0  0
 4  0 147816 77583456  26836 875010688    0    0     0     2 248927 21592 22  1 77  0  0
131  0 147816 77280976  26836 875010688    0    0     0     0 94190 17942 22  1 77  0  0
130  0 147816 77248576  26836 875010688    0    0     0     0 99966 18078 24  1 75  0  0
 4  0 147816 77248552  26836 875010688    0    0     0     0 63959 16050 20  0 80  0  0
 3  0 147816 77248752  26836 875010688    0    0     0  2032 113639 11645 26  1 73  0  0
 7  0 147816 77248816  26836 875010688    0    0     0     0 63337 16489 20  0 80  0  0
 3  0 147816 76728488  26836 875010688    0    0     0     0 106593 12143 27  1 71  0  0
130  0 147816 77249576  26836 875010688    0    0     0     0 58256 14410 18  0 82  0  0
130  0 147816 77249760  26836 875010688    0    0     0     0 72716 16662 23  0 76  0  0
130  0 147816 77256560  26836 875010688    0    0     0   514 95732 10550 24  1 75  0  0
procs -----------memory---------- ---swap-- -----io---- -system-- ------cpu-----
 r  b   swpd   free   buff  cache   si   so    bi    bo   in   cs us sy id wa st
131  0 147816 77257712  26836 875010688    0    0     0     8 68242 17293 22  0 78  0  0
130  0 147816 77257392  26836 875010688    0    0     0     0 101059 12206 25  1 73  0  0
130  0 147816 77248200  26836 875010688    0    0     0  3140 62189 17405 19  0 81  0  0
130  0 147816 77249184  26836 875010688    0    0     0     0 84925 12564 24  1 75  0  0
 3  0 147816 77246336  26836 875010688    0    0     0   169 49150 13155 16  0 84  0  0
131  0 147816 77247344  26836 875010688    0    0     0   132 53232 15046 17  0 83  0  0
 4  0 147816 77178912  26836 875010688    0    0     0     3 63294 10219 21  1 78  0  0
 3  0 147816 77178984  26836 875010688    0    0     0     0 67196 18317 21  0 78  0  0
130  0 147816 76979744  26836 875010688    0    0     0     0 50713 11353 17  0 83  0  0
 3  0 147816 77177536  26836 875010688    0    0     0    54 64774 12220 21  1 78  0  0
 4  0 147816 77177056  26836 875010752    0    0     0  1496 52734 16018 17  0 83  0  0
 4  0 147816 76654416  26836 875010752    0    0     0     0 73573 10622 25  1 74  0  0
 3  0 147816 77173456  26836 875010752    0    0     0     0 50549 14094 15  0 84  0  0
 3  0 147816 77174616  26836 875010752    0    0     0     0 51330 14868 17  0 83  0  0
131  0 147816 76443392  26836 875010752    0    0     0   129 63448 10636 21  1 78  0  0
 3  0 147816 77202632  26836 875010752    0    0     0   185 50041 11343 16  0 83  0  0
 3  0 147816 77202816  26836 875010752    0    0     0    18 57635 16072 18  0 81  0  0
131  0 147816 78140760  26836 875010752    0    0     0     0 92227 22903 18  0 81  0  0
130  0 147816 78197176  26836 875010752    0    0     0     0 298320 13482 28  2 70  0  0
132  0 147816 78171776  26836 875010688    0    0     0   271 93047 37853 24  1 75  0  0
132  0 147816 77542944  26836 875010688    0    0     0  1639 168694 27419 23  2 75  0  0
procs -----------memory---------- ---swap-- -----io---- -system-- ------cpu-----
 r  b   swpd   free   buff  cache   si   so    bi    bo   in   cs us sy id wa st
 4  0 147816 78173680  26836 875010688    0    0     0    80 75449 21856 18  1 81  0  0
 4  0 147816 78167680  26836 875010688    0    0     0     0 58428 26778 16  1 84  0  0
 3  0 147816 77989384  26836 875010688    0    0     0     0 208976 26271 29  2 70  0  0
 3  0 147816 78167680  26836 875010688    0    0     0     0 54595 17884 16  0 83  0  0
 3  0 147816 78166272  26836 875010688    0    0     0     0 554944 17648 20  1 79  0  0
130  0 147816 77835480  26836 875010688    0    0     0  2099 1535495 11684 34  3 64  0  0
 3  0 147816 78184784  26836 875010688    0    0     0   152 1138615 11112 27  2 70  0  0
130  0 147816 78192928  26836 875010688    0    0     0     0 293988 18299 21  1 78  0  0
130  0 147816 77805824  26836 875010688    0    0     0     0 605057 14841 29  1 70  0  0
131  0 147816 78201792  26836 875010688    0    0     0   417 110898 13097 22  1 78  0  0
 3  0 147816 78202096  26836 875010688    0    0     0     0 59468 14849 19  0 80  0  0
130  0 147816 78214480  26836 875010688    0    0     0   408 678875 7053 28  2 70  0  0
 3  0 147816 78238560  26836 875010688    0    0     0   629 64727 18369 20  0 80  0  0
130  0 147816 78236368  26836 875010688    0    0     0     3 638213 15635 31  1 68  0  0
 3  0 147816 78237888  26836 875010688    0    0     0     0 97492 12096 22  1 77  0  0
 3  0 147816 78235032  26836 875010688    0    0     0     0 54698 14773 18  0 82  0  0
 3  0 147816 77716696  26836 875010688    0    0     0    82 704579 10610 33  2 65  0  0
 3  0 147816 78231152  26836 875010688    0    0     0    18 53460 15073 17  0 83  0  0
94  0 147816 78217520  26836 875010688    0    0     0     2 67203 17864 22  0 78  0  0
132  0 147816 78218000  26836 875010752    0    0     0     0 692294 9187 29  2 69  0  0
130  0 147816 78218784  26836 875010752    0    0     0     0 79178 20210 26  0 74  0  0
procs -----------memory---------- ---swap-- -----io---- -system-- ------cpu-----
 r  b   swpd   free   buff  cache   si   so    bi    bo   in   cs us sy id wa st
 3  0 147816 78038096  26836 875010752    0    0     0     0 675231 10928 31  2 68  0  0
 3  0 147816 78217336  26836 875010752    0    0     0  1744 58684 15325 19  0 81  0  0
135  0 147816 78164608  26836 875010752    0    0     0    80 311019 19880 27  1 72  0  0
131  0 147816 78028032  26836 875010752    0    0     0    10 465397 16820 29  2 69  0  0
 4  0 147816 77888080  26836 875010752    0    0     0     0 65631 19419 21  0 79  0  0
131  0 147816 77150184  26836 875010752    0    0     0     0 1191189 14526 35  3 62  0  0
 8  0 147816 77627152  26836 875010752    0    0     0   168 863781 12367 24  2 74  0  0
134  0 147816 77605344  26836 875010752    0    0     0   150 437130 18294 19  1 80  0  0
 5  0 147816 77516360  26836 875010752    0    0     0     0 311999 20746 20  1 79  0  0
 5  0 147816 77407248  26836 875010752    4    0     4     0 566404 12639 30  2 68  0  0
 3  0 147816 77266960  26836 875010752    0    0     0     0 65829 20009 21  0 79  0  0
130  0 147816 76900728  26836 875010752    0    0     0  2000 449058 15304 28  1 71  0  0
 3  0 147816 77266480  26836 875010816    0    0     0     0 78880 8800 16  1 84  0  0
 3  0 147816 77266848  26836 875010816    0    0     0     2 73533 18393 24  0 76  0  0
 4  0 147816 77269536  26836 875010816    0    0     0     0 368655 10088 26  1 72  0  0
 3  0 147816 77265840  26836 875010816    0    0     0     0 62898 16074 20  0 79  0  0
130  0 147816 76975520  26836 875010816    0    0     0     0 316287 15103 26  1 73  0  0
 3  0 147816 77270624  26836 875010816    0    0     0   250 86391 13038 22  1 77  0  0
 5  0 147816 77275224  26836 875010816    0    0     0   306 72010 17017 24  0 76  0  0
 3  0 147816 77270536  26836 875010816    0    0     0     0 309735 12347 27  1 71  0  0
 3  0 147816 77270592  26836 875010816    0    0     0  3096 66917 16514 21  0 78  0  0
procs -----------memory---------- ---swap-- -----io---- -system-- ------cpu-----
 r  b   swpd   free   buff  cache   si   so    bi    bo   in   cs us sy id wa st
 3  0 147816 77276448  26836 875010816    0    0     0     0 302598 11757 27  1 72  0  0
 3  0 147816 77268640  26836 875010816    0    0     0   130 62283 16538 20  0 79  0  0
 3  0 147816 76550032  26836 875010816    0    0     0    17 314433 13148 30  2 68  0  0
130  0 147816 77269048  26836 875010816    0    0     0     0 45007 10484 12  0 87  0  0
 4  0 147816 77267920  26836 875010816    0    0     0    18 417432 14926 19  1 80  0  0
 3  0 147816 77352336  26836 875010816    0    0     0     3 590936 8528 25  2 73  0  0
 3  0 147816 77351440  26836 875010816    0    0     0   180 241550 13653 17  1 83  0  0
 4  0 147816 77351440  26836 875010816    0    0     0     0 145560 14314 19  1 80  0  0
130  0 147816 77274224  26836 875010816    0    0     0     0 882156 5412 28  2 70  0  0
 3  0 147816 77275536  26836 875010816    0    0     0   146 51783 16094 16  0 83  0  0
 3  0 147816 77273520  26836 875010816    0    0     0     0 59187 16059 19  0 81  0  0
 3  0 147816 77272864  26836 875010816    0    0     0  1596 603117 8018 28  2 70  0  0
130  0 147816 77269088  26836 875010816    0    0     0   223 54443 14917 18  0 82  0  0
130  0 147816 77268872  26836 875010816    0    0     0     3 50961 13563 16  0 83  0  0
 3  0 147816 77378544  26836 875010816    0    0     0     0 620321 12501 26  2 73  0  0
 3  0 147816 78148488  26836 875010816    0    0     0   149 55612 16488 16  0 84  0  0
 5  0 147816 78125240  26836 875010944    4    0     4   269 73226 34794 18  1 81  0  0
132  0 147816 77408928  26836 875010944    0    0     0   103 594364 22914 28  2 70  0  0
131  0 147816 78124816  26836 875010944    0    0     0     0 134935 23770 16  1 83  0  0
131  0 147816 78189376  26836 875010944    4    0     4     0 139543 26949 23  1 76  0  0
 3  0 147816 78153344  26836 875010944    0    0     0     0 75927 32527 22  1 77  0  0
procs -----------memory---------- ---swap-- -----io---- -system-- ------cpu-----
 r  b   swpd   free   buff  cache   si   so    bi    bo   in   cs us sy id wa st
130  0 147816 78245624  26836 875010944    0    0     0  1691 761335 10684 27  2 71  0  0
131  1 147816 78245920  26836 875010944    0    0     0  2068 73269 19168 24  0 76  0  0
130  0 147816 77653536  26836 875010944    0    0     0    16 714633 10974 29  2 69  0  0
71  0 147816 78244792  26836 875010944    0    0     0     0 61676 11060 17  1 82  0  0
 5  0 147816 78257256  26836 875010944    0    0     0     0 69603 17298 23  0 77  0  0
 5  0 147816 78251024  26836 875010944    0    0     0    11 709183 8748 28  2 70  0  0
130  0 147816 78251088  26836 875010944    0    0     0  1331 63824 17231 21  0 79  0  0
130  0 147816 78250864  26836 875010944    0    0     0     0 264203 17096 25  1 75  0  0
 3  0 147816 78251040  26836 875010944    0    0     0   380 531629 9728 30  2 68  0  0
 3  0 147816 78249048  26836 875010944    0    0     0     0 65420 16949 21  0 79  0  0
 3  0 147816 78086168  26836 875010944    0    0     0     0 807887 8004 31  2 67  0  0
 3  0 147816 78248648  26836 875010944    0    0     0    80 52650 13065 17  0 82  0  0
130  0 147816 78243456  26836 875010944    0    0     0     2 63914 17791 20  0 79  0  0
 4  0 147816 78286128  26836 875010944    0    0     0     0 748110 8634 30  2 68  0  0
130  0 147816 78285840  26836 875010944    0    0     0     0 62622 16346 20  0 79  0  0
130  0 147816 77836792  26836 875010944    0    0     0     0 761058 13891 33  2 65  0  0
130  0 147816 78264200  26836 875010944    0    0     0     0 86074 14518 24  1 75  0  0
130  0 147816 78265168  26836 875010944    0    0     0   180 68193 17255 22  0 77  0  0
130  0 147816 78264800  26836 875010944    0    0     0     0 767864 9105 30  2 69  0  0
130  0 147816 78262752  26836 875010944    0    0     0   161 70658 16173 24  0 76  0  0
 6  0 147816 77940264  26836 875010944    0    0     0    75 710053 11875 31  2 67  0  0
procs -----------memory---------- ---swap-- -----io---- -system-- ------cpu-----
 r  b   swpd   free   buff  cache   si   so    bi    bo   in   cs us sy id wa st
 8  0 147816 78078152  26836 875010944    0    0     0     3 59982 18029 19  0 80  0  0
 4  0 147816 77936080  26836 875010944    0    0     0  1534 61563 17003 19  0 81  0  0
 9  0 147816 77746488  26836 875010944    0    0     0    18 729577 11186 30  2 68  0  0
 7  0 147816 77654752  26836 875010944    0    0     0     0 62047 17908 20  0 80  0  0
132  0 147816 77620192  26836 875011008    0    0     0     0 137414 21342 21  1 78  0  0
 6  0 147816 77487792  26836 875011008    0    0     0     2 1754098 11305 39  3 58  0  0
131  0 147816 77314304  26836 875011008    0    0     0     0 140215 25289 24  1 75  0  0
130  0 147816 77204480  26836 875011008    0    0     0  2004 557100 20005 26  1 73  0  0
 3  0 147816 77203680  26836 875011008    0    0     0     0 710775 8881 27  2 71  0  0
130  0 147816 77202696  26836 875011008    0    0     0   134 76655 20159 25  0 75  0  0
 3  0 147816 76481280  26836 875011008    0    0     0     0 1033586 9976 36  2 62  0  0
 3  0 147816 77200768  26836 875011008    0    0     0     0 55676 13810 18  0 82  0  0
 3  0 147816 77200928  26836 875011008    0    0     0   130 61159 16929 20  0 80  0  0
 3  0 147816 77201288  26836 875011008    0    0     0     0 842977 6119 29  2 69  0  0
131  0 147816 77205800  26836 875011008    0    0     0     9 68915 18086 22  0 77  0  0
130  0 147816 77206584  26836 875011008    0    0     0   336 257536 15276 23  1 76  0  0
 3  0 147816 77269872  26836 875011008    0    0     0     3 421373 10300 25  2 74  0  0
130  0 147816 77270144  26836 875011008    0    0     0  3114 57192 14907 19  0 81  0  0
130  0 147816 76506112  26836 875011008    0    0     0   122 480367 11473 29  2 69  0  0
130  0 147816 77269504  26836 875011008    0    0     0    13 52620 13240 17  0 83  0  0
 3  0 147816 77268848  26836 875011008    0    0     0    15 69080 17588 23  0 77  0  0
procs -----------memory---------- ---swap-- -----io---- -system-- ------cpu-----
 r  b   swpd   free   buff  cache   si   so    bi    bo   in   cs us sy id wa st
131  0 147816 77241136  26836 875011008    0    0     0     0 526079 8985 28  2 71  0  0
 3  0 147816 77241280  26836 875011008    0    0     0     0 69857 17845 23  0 77  0  0
 4  0 147816 77246360  26836 875011008    0    0     0    66 523333 8590 28  2 70  0  0
 3  0 147816 77242272  26836 875011008    0    0     0    68 75548 18939 25  0 75  0  0
130  0 147816 77243104  26836 875011008    0    0     0     0 267083 12971 22  1 77  0  0
131  0 147816 77225064  26836 875011072    0    0     0     0 281405 11085 25  1 74  0  0
130  0 147816 77219888  26836 875011072    0    0     0     0 59356 14145 19  0 80  0  0
 3  0 147816 77220992  26836 875011072    0    0     0     0 471480 8724 28  2 70  0  0
 3  0 147816 77221184  26836 875011072    0    0     0   295 55390 14015 18  0 81  0  0
 3  0 147816 77221048  26836 875011072    0    0     0     3 64660 12613 15  0 84  0  0
135  0 147816 76685520  26836 875011072    0    0     0     0 1629328 10641 36  3 61  0  0
14  0 147816 78124928  26836 875011072    0    0     0     0 1238958 15747 22  3 75  0  0
130  0 147816 78160440  26836 875011072    0    0     0     0 490483 15748 17  1 82  0  0
 3  0 147560 78127176  26836 875011136   32    0    32   466 201160 36095 16  1 83  0  0
132  0 147560 78124272  26836 875011136    0    0     0  1794 719369 24247 27  2 71  0  0
 5  0 147560 78123944  26836 875011136    0    0     0     0 639491 18165 28  2 70  0  0
 4  0 147560 78119456  26836 875011136    0    0     0     0 68202 26944 19  1 80  0  0
130  0 147560 78119392  26836 875011136    0    0     0     0 134848 29511 19  1 80  0  0
130  0 147560 78119808  26836 875011136    0    0     0    19 908716 9611 32  2 66  0  0
 4  0 147560 78121008  26836 875011136    0    0     0  3474 51333 14271 16  0 83  0  0
 3  0 147560 78121080  26836 875011136    0    0     0   152 47423 11685 15  0 84  0  0
procs -----------memory---------- ---swap-- -----io---- -system-- ------cpu-----
 r  b   swpd   free   buff  cache   si   so    bi    bo   in   cs us sy id wa st
131  0 147560 77911168  26836 875011136    0    0     0     3 940384 6950 30  1 69  0  0
130  0 147560 78084864  26836 875011136    0    0     0     0 253308 11326 22  1 77  0  0
 4  0 147560 78240616  26836 875011136    0    0     0    11 74998 15352 15  1 85  0  0
 3  0 147560 78240696  26836 875011200    0    0     0   513 40483 11485 13  0 87  0  0
 3  0 147560 78174896  26836 875011200    0    0     0    21 41975 10388 14  0 86  0  0
 3  0 147560 77482224  26836 875011200    0    0     0   342 591466 7076 24  2 74  0  0
 3  0 147560 77999056  26836 875011200    0    0     0   710 40817 11016 13  0 87  0  0
 3  0 147560 77999280  26836 875011200    0    0     0     0 45359 11772 15  0 85  0  0
130  0 147560 77998048  26836 875011200    0    0     0     0 431090 10095 21  1 78  0  0
 3  0 147560 78076480  26836 875011200    0    0     0    84 213033 8321 20  1 79  0  0
 3  0 147560 78077824  26836 875011200    0    0     0     0 44610 12448 14  0 85  0  0
 3  0 147560 78076736  26836 875011200    0    0     0     2 42655 10733 14  0 86  0  0
 3  0 147560 78060672  26836 875011200    0    0     0     0 593261 6144 25  2 73  0  0
 3  0 147560 78055544  26836 875011200    0    0     0     0 40506 10292 13  0 87  0  0
131  0 147560 78056912  26836 875011200    0    0     0   112 39077 11101 12  0 88  0  0
 3  0 147560 78044144  26836 875011200    0    0     0     0 44018 11870 14  0 86  0  0
131  0 147560 77991152  26836 875011200    0    0     0   184 587349 5413 23  2 75  0  0
 9  0 147560 78022264  26836 875011200    0    0     0    90 158800 8981 12  1 88  0  0
 8  0 147560 81513216  26836 875011200    0    0     0     3 51942 9993  2  1 97  0  0
 8  0 147560 91999408  26836 875011200    0    0     0     0 18513 6713  1  1 98  0  0
 4  0 147560 103188592  26836 875011200    0    0     0   240 14503 4938  1  1 98  0  0
procs -----------memory---------- ---swap-- -----io---- -system-- ------cpu-----
 r  b   swpd   free   buff  cache   si   so    bi    bo   in   cs us sy id wa st
 7  0 147560 113762544  26836 875011200    0    0     0     0 14006 4322  2  0 98  0  0
